Arguments: 
  C:\Program Files\nodejs\node.exe C:\Users\Ashish\AppData\Roaming\npm\node_modules\yarn\bin\yarn.js add moment

PATH: 
  C:\Windows\system32;C:\Windows;C:\Windows\System32\Wbem;C:\Windows\System32\WindowsPowerShell\v1.0\;C:\Windows\System32\OpenSSH\;C:\Program Files\Microsoft SQL Server\110\Tools\Binn\;C:\Program Files\Microsoft SQL Server\120\Tools\Binn\;C:\Program Files\Git\cmd;C:\Program Files\nodejs\;C:\xampp\php;C:\ProgramData\ComposerSetup\bin;C:\Program Files\Microsoft SQL Server\130\Tools\Binn\;C:\Program Files\Microsoft SQL Server\150\Tools\Binn\;C:\Program Files\Microsoft SQL Server\Client SDK\ODBC\170\Tools\Binn\;C:\Program Files\dotnet\;C:\Users\Ashish\AppData\Local\Programs\Python\Python310\Scripts\;C:\Users\Ashish\AppData\Local\Programs\Python\Python310\;C:\Users\Ashish\AppData\Local\Microsoft\WindowsApps;C:\Users\Ashish\AppData\Local\Programs\Microsoft VS Code\bin;C:\Users\Ashish\AppData\Roaming\npm;C:\Program Files\MongoDB\Server\5.0\bin;C:\Users\Ashish\AppData\Roaming\Composer\vendor\bin;C:\Users\Ashish\AppData\Local\GitHubDesktop\bin;C:\Users\Ashish\.dotnet\tools

Yarn version: 
  1.22.19

Node version: 
  16.13.1

Platform: 
  win32 x64

Trace: 
  Error: EPERM: operation not permitted, unlink 'C:\Users\Ashish\Desktop\digital-transformation\node_modules\@next\swc-win32-x64-msvc\next-swc.win32-x64-msvc.node'

npm manifest: 
  {
    "name": "digital-transformation",
    "version": "0.1.0",
    "private": true,
    "scripts": {
      "dev": "next dev",
      "build": "next build",
      "start": "next start",
      "lint": "next lint"
    },
    "dependencies": {
      "@emotion/react": "^11.10.5",
      "@emotion/styled": "^11.10.5",
      "@mui/icons-material": "^5.10.16",
      "@mui/material": "^5.10.17",
      "@nextui-org/react": "^1.0.0-beta.10",
      "bootstrap": "^5.2.3",
      "next": "13.0.6",
      "next-themes": "^0.2.1",
      "react": "18.2.0",
      "react-bootstrap": "^2.7.0",
      "react-dom": "18.2.0",
      "sass": "^1.56.2"
    }
  }

yarn manifest: 
  No manifest

Lockfile: 
  # THIS IS AN AUTOGENERATED FILE. DO NOT EDIT THIS FILE DIRECTLY.
  # yarn lockfile v1
  
  
  "@babel/code-frame@^7.0.0":
    "integrity" "sha512-TDCmlK5eOvH+eH7cdAFlNXeVJqWIQ7gW9tY1GJIpUtFb6CmjVyq2VM3u71bOyR8CRihcCgMUYoDNyLXao3+70Q=="
    "resolved" "https://registry.npmjs.org/@babel/code-frame/-/code-frame-7.18.6.tgz"
    "version" "7.18.6"
    dependencies:
      "@babel/highlight" "^7.18.6"
  
  "@babel/helper-module-imports@^7.16.7":
    "integrity" "sha512-0NFvs3VkuSYbFi1x2Vd6tKrywq+z/cLeYC/RJNFrIX/30Bf5aiGYbtvGXolEktzJH8o5E5KJ3tT+nkxuuZFVlA=="
    "resolved" "https://registry.npmjs.org/@babel/helper-module-imports/-/helper-module-imports-7.18.6.tgz"
    "version" "7.18.6"
    dependencies:
      "@babel/types" "^7.18.6"
  
  "@babel/helper-plugin-utils@^7.18.6":
    "integrity" "sha512-8RvlJG2mj4huQ4pZ+rU9lqKi9ZKiRmuvGuM2HlWmkmgOhbs6zEAw6IEiJ5cQqGbDzGZOhwuOQNtZMi/ENLjZoQ=="
    "resolved" "https://registry.npmjs.org/@babel/helper-plugin-utils/-/helper-plugin-utils-7.20.2.tgz"
    "version" "7.20.2"
  
  "@babel/helper-string-parser@^7.19.4":
    "integrity" "sha512-nHtDoQcuqFmwYNYPz3Rah5ph2p8PFeFCsZk9A/48dPc/rGocJ5J3hAAZ7pb76VWX3fZKu+uEr/FhH5jLx7umrw=="
    "resolved" "https://registry.npmjs.org/@babel/helper-string-parser/-/helper-string-parser-7.19.4.tgz"
    "version" "7.19.4"
  
  "@babel/helper-validator-identifier@^7.18.6", "@babel/helper-validator-identifier@^7.19.1":
    "integrity" "sha512-awrNfaMtnHUr653GgGEs++LlAvW6w+DcPrOliSMXWCKo597CwL5Acf/wWdNkf/tfEQE3mjkeD1YOVZOUV/od1w=="
    "resolved" "https://registry.npmjs.org/@babel/helper-validator-identifier/-/helper-validator-identifier-7.19.1.tgz"
    "version" "7.19.1"
  
  "@babel/highlight@^7.18.6":
    "integrity" "sha512-u7stbOuYjaPezCuLj29hNW1v64M2Md2qupEKP1fHc7WdOA3DgLh37suiSrZYY7haUB7iBeQZ9P1uiRF359do3g=="
    "resolved" "https://registry.npmjs.org/@babel/highlight/-/highlight-7.18.6.tgz"
    "version" "7.18.6"
    dependencies:
      "@babel/helper-validator-identifier" "^7.18.6"
      "chalk" "^2.0.0"
      "js-tokens" "^4.0.0"
  
  "@babel/plugin-syntax-jsx@^7.17.12":
    "integrity" "sha512-6mmljtAedFGTWu2p/8WIORGwy+61PLgOMPOdazc7YoJ9ZCWUyFy3A6CpPkRKLKD1ToAesxX8KGEViAiLo9N+7Q=="
    "resolved" "https://registry.npmjs.org/@babel/plugin-syntax-jsx/-/plugin-syntax-jsx-7.18.6.tgz"
    "version" "7.18.6"
    dependencies:
      "@babel/helper-plugin-utils" "^7.18.6"
  
  "@babel/runtime@^7.12.5", "@babel/runtime@^7.17.2", "@babel/runtime@^7.18.3", "@babel/runtime@^7.20.1", "@babel/runtime@^7.5.5", "@babel/runtime@^7.6.2", "@babel/runtime@^7.6.3", "@babel/runtime@^7.8.7":
    "integrity" "sha512-Q+8MqP7TiHMWzSfwiJwXCjyf4GYA4Dgw3emg/7xmwsdLJOZUp+nMqcOwOzzYheuM1rhDu8FSj2l0aoMygEuXuA=="
    "resolved" "https://registry.npmjs.org/@babel/runtime/-/runtime-7.20.6.tgz"
    "version" "7.20.6"
    dependencies:
      "regenerator-runtime" "^0.13.11"
  
  "@babel/types@^7.18.6":
    "integrity" "sha512-c9fst/h2/dcF7H+MJKZ2T0KjEQ8hY/BNnDk/H3XY8C4Aw/eWQXWn/lWntHF9ooUBnGmEvbfGrTgLWc+um0YDUg=="
    "resolved" "https://registry.npmjs.org/@babel/types/-/types-7.20.5.tgz"
    "version" "7.20.5"
    dependencies:
      "@babel/helper-string-parser" "^7.19.4"
      "@babel/helper-validator-identifier" "^7.19.1"
      "to-fast-properties" "^2.0.0"
  
  "@emotion/babel-plugin@^11.10.5":
    "integrity" "sha512-xE7/hyLHJac7D2Ve9dKroBBZqBT7WuPQmWcq7HSGb84sUuP4mlOWoB8dvVfD9yk5DHkU1m6RW7xSoDtnQHNQeA=="
    "resolved" "https://registry.npmjs.org/@emotion/babel-plugin/-/babel-plugin-11.10.5.tgz"
    "version" "11.10.5"
    dependencies:
      "@babel/helper-module-imports" "^7.16.7"
      "@babel/plugin-syntax-jsx" "^7.17.12"
      "@babel/runtime" "^7.18.3"
      "@emotion/hash" "^0.9.0"
      "@emotion/memoize" "^0.8.0"
      "@emotion/serialize" "^1.1.1"
      "babel-plugin-macros" "^3.1.0"
      "convert-source-map" "^1.5.0"
      "escape-string-regexp" "^4.0.0"
      "find-root" "^1.1.0"
      "source-map" "^0.5.7"
      "stylis" "4.1.3"
  
  "@emotion/cache@^11.10.5":
    "integrity" "sha512-dGYHWyzTdmK+f2+EnIGBpkz1lKc4Zbj2KHd4cX3Wi8/OWr5pKslNjc3yABKH4adRGCvSX4VDC0i04mrrq0aiRA=="
    "resolved" "https://registry.npmjs.org/@emotion/cache/-/cache-11.10.5.tgz"
    "version" "11.10.5"
    dependencies:
      "@emotion/memoize" "^0.8.0"
      "@emotion/sheet" "^1.2.1"
      "@emotion/utils" "^1.2.0"
      "@emotion/weak-memoize" "^0.3.0"
      "stylis" "4.1.3"
  
  "@emotion/hash@^0.9.0":
    "integrity" "sha512-14FtKiHhy2QoPIzdTcvh//8OyBlknNs2nXRwIhG904opCby3l+9Xaf/wuPvICBF0rc1ZCNBd3nKe9cd2mecVkQ=="
    "resolved" "https://registry.npmjs.org/@emotion/hash/-/hash-0.9.0.tgz"
    "version" "0.9.0"
  
  "@emotion/is-prop-valid@^1.2.0":
    "integrity" "sha512-3aDpDprjM0AwaxGE09bOPkNxHpBd+kA6jty3RnaEXdweX1DF1U3VQpPYb0g1IStAuK7SVQ1cy+bNBBKp4W3Fjg=="
    "resolved" "https://registry.npmjs.org/@emotion/is-prop-valid/-/is-prop-valid-1.2.0.tgz"
    "version" "1.2.0"
    dependencies:
      "@emotion/memoize" "^0.8.0"
  
  "@emotion/memoize@^0.8.0":
    "integrity" "sha512-G/YwXTkv7Den9mXDO7AhLWkE3q+I92B+VqAE+dYG4NGPaHZGvt3G8Q0p9vmE+sq7rTGphUbAvmQ9YpbfMQGGlA=="
    "resolved" "https://registry.npmjs.org/@emotion/memoize/-/memoize-0.8.0.tgz"
    "version" "0.8.0"
  
  "@emotion/react@^11.0.0-rc.0", "@emotion/react@^11.10.5", "@emotion/react@^11.4.1", "@emotion/react@^11.5.0":
    "integrity" "sha512-TZs6235tCJ/7iF6/rvTaOH4oxQg2gMAcdHemjwLKIjKz4rRuYe1HJ2TQJKnAcRAfOUDdU8XoDadCe1rl72iv8A=="
    "resolved" "https://registry.npmjs.org/@emotion/react/-/react-11.10.5.tgz"
    "version" "11.10.5"
    dependencies:
      "@babel/runtime" "^7.18.3"
      "@emotion/babel-plugin" "^11.10.5"
      "@emotion/cache" "^11.10.5"
      "@emotion/serialize" "^1.1.1"
      "@emotion/use-insertion-effect-with-fallbacks" "^1.0.0"
      "@emotion/utils" "^1.2.0"
      "@emotion/weak-memoize" "^0.3.0"
      "hoist-non-react-statics" "^3.3.1"
  
  "@emotion/serialize@^1.1.1":
    "integrity" "sha512-Zl/0LFggN7+L1liljxXdsVSVlg6E/Z/olVWpfxUTxOAmi8NU7YoeWeLfi1RmnB2TATHoaWwIBRoL+FvAJiTUQA=="
    "resolved" "https://registry.npmjs.org/@emotion/serialize/-/serialize-1.1.1.tgz"
    "version" "1.1.1"
    dependencies:
      "@emotion/hash" "^0.9.0"
      "@emotion/memoize" "^0.8.0"
      "@emotion/unitless" "^0.8.0"
      "@emotion/utils" "^1.2.0"
      "csstype" "^3.0.2"
  
  "@emotion/sheet@^1.2.1":
    "integrity" "sha512-zxRBwl93sHMsOj4zs+OslQKg/uhF38MB+OMKoCrVuS0nyTkqnau+BM3WGEoOptg9Oz45T/aIGs1qbVAsEFo3nA=="
    "resolved" "https://registry.npmjs.org/@emotion/sheet/-/sheet-1.2.1.tgz"
    "version" "1.2.1"
  
  "@emotion/styled@^11.10.5", "@emotion/styled@^11.3.0":
    "integrity" "sha512-8EP6dD7dMkdku2foLoruPCNkRevzdcBaY6q0l0OsbyJK+x8D9HWjX27ARiSIKNF634hY9Zdoedh8bJCiva8yZw=="
    "resolved" "https://registry.npmjs.org/@emotion/styled/-/styled-11.10.5.tgz"
    "version" "11.10.5"
    dependencies:
      "@babel/runtime" "^7.18.3"
      "@emotion/babel-plugin" "^11.10.5"
      "@emotion/is-prop-valid" "^1.2.0"
      "@emotion/serialize" "^1.1.1"
      "@emotion/use-insertion-effect-with-fallbacks" "^1.0.0"
      "@emotion/utils" "^1.2.0"
  
  "@emotion/unitless@^0.8.0":
    "integrity" "sha512-VINS5vEYAscRl2ZUDiT3uMPlrFQupiKgHz5AA4bCH1miKBg4qtwkim1qPmJj/4WG6TreYMY111rEFsjupcOKHw=="
    "resolved" "https://registry.npmjs.org/@emotion/unitless/-/unitless-0.8.0.tgz"
    "version" "0.8.0"
  
  "@emotion/use-insertion-effect-with-fallbacks@^1.0.0":
    "integrity" "sha512-1eEgUGmkaljiBnRMTdksDV1W4kUnmwgp7X9G8B++9GYwl1lUdqSndSriIrTJ0N7LQaoauY9JJ2yhiOYK5+NI4A=="
    "resolved" "https://registry.npmjs.org/@emotion/use-insertion-effect-with-fallbacks/-/use-insertion-effect-with-fallbacks-1.0.0.tgz"
    "version" "1.0.0"
  
  "@emotion/utils@^1.2.0":
    "integrity" "sha512-sn3WH53Kzpw8oQ5mgMmIzzyAaH2ZqFEbozVVBSYp538E06OSE6ytOp7pRAjNQR+Q/orwqdQYJSe2m3hCOeznkw=="
    "resolved" "https://registry.npmjs.org/@emotion/utils/-/utils-1.2.0.tgz"
    "version" "1.2.0"
  
  "@emotion/weak-memoize@^0.3.0":
    "integrity" "sha512-AHPmaAx+RYfZz0eYu6Gviiagpmiyw98ySSlQvCUhVGDRtDFe4DBS0x1bSjdF3gqUDYOczB+yYvBTtEylYSdRhg=="
    "resolved" "https://registry.npmjs.org/@emotion/weak-memoize/-/weak-memoize-0.3.0.tgz"
    "version" "0.3.0"
  
  "@formatjs/ecma402-abstract@1.14.3":
    "integrity" "sha512-SlsbRC/RX+/zg4AApWIFNDdkLtFbkq3LNoZWXZCE/nHVKqoIJyaoQyge/I0Y38vLxowUn9KTtXgusLD91+orbg=="
    "resolved" "https://registry.npmjs.org/@formatjs/ecma402-abstract/-/ecma402-abstract-1.14.3.tgz"
    "version" "1.14.3"
    dependencies:
      "@formatjs/intl-localematcher" "0.2.32"
      "tslib" "^2.4.0"
  
  "@formatjs/fast-memoize@1.2.7":
    "integrity" "sha512-hPeM5LXUUjtCKPybWOUAWpv8lpja8Xz+uKprFPJcg5F2Rd+/bf1E0UUsLRpaAgOReAf5HMRtoIgv/UcyPICrTQ=="
    "resolved" "https://registry.npmjs.org/@formatjs/fast-memoize/-/fast-memoize-1.2.7.tgz"
    "version" "1.2.7"
    dependencies:
      "tslib" "^2.4.0"
  
  "@formatjs/icu-messageformat-parser@2.1.14":
    "integrity" "sha512-0KqeVOb72losEhUW+59vhZGGd14s1f35uThfEMVKZHKLEObvJdFTiI3ZQwvTMUCzLEMxnS6mtnYPmG4mTvwd3Q=="
    "resolved" "https://registry.npmjs.org/@formatjs/icu-messageformat-parser/-/icu-messageformat-parser-2.1.14.tgz"
    "version" "2.1.14"
    dependencies:
      "@formatjs/ecma402-abstract" "1.14.3"
      "@formatjs/icu-skeleton-parser" "1.3.18"
      "tslib" "^2.4.0"
  
  "@formatjs/icu-skeleton-parser@1.3.18":
    "integrity" "sha512-ND1ZkZfmLPcHjAH1sVpkpQxA+QYfOX3py3SjKWMUVGDow18gZ0WPqz3F+pJLYQMpS2LnnQ5zYR2jPVYTbRwMpg=="
    "resolved" "https://registry.npmjs.org/@formatjs/icu-skeleton-parser/-/icu-skeleton-parser-1.3.18.tgz"
    "version" "1.3.18"
    dependencies:
      "@formatjs/ecma402-abstract" "1.14.3"
      "tslib" "^2.4.0"
  
  "@formatjs/intl-localematcher@0.2.32":
    "integrity" "sha512-k/MEBstff4sttohyEpXxCmC3MqbUn9VvHGlZ8fauLzkbwXmVrEeyzS+4uhrvAk9DWU9/7otYWxyDox4nT/KVLQ=="
    "resolved" "https://registry.npmjs.org/@formatjs/intl-localematcher/-/intl-localematcher-0.2.32.tgz"
    "version" "0.2.32"
    dependencies:
      "tslib" "^2.4.0"
  
  "@internationalized/date@^3.0.1":
    "integrity" "sha512-E/3lASs4mAeJ2Z2ye6ab7eUD0bPUfTeNVTAv6IS+ne9UtMu9Uepb9A1U2Ae0hDr6WAlBuvUtrakaxEdYB9TV6Q=="
    "resolved" "https://registry.npmjs.org/@internationalized/date/-/date-3.0.1.tgz"
    "version" "3.0.1"
    dependencies:
      "@babel/runtime" "^7.6.2"
  
  "@internationalized/message@^3.0.9":
    "integrity" "sha512-yHQggKWUuSvj1GznVtie4tcYq+xMrkd/lTKCFHp6gG18KbIliDw+UI7sL9+yJPGuWiR083xuLyyhzqiPbNOEww=="
    "resolved" "https://registry.npmjs.org/@internationalized/message/-/message-3.0.9.tgz"
    "version" "3.0.9"
    dependencies:
      "@babel/runtime" "^7.6.2"
      "intl-messageformat" "^10.1.0"
  
  "@internationalized/number@^3.1.1":
    "integrity" "sha512-dBxCQKIxvsZvW2IBt3KsqrCfaw2nV6o6a8xsloJn/hjW0ayeyhKuiiMtTwW3/WGNPP7ZRyDbtuiUEjMwif1ENQ=="
    "resolved" "https://registry.npmjs.org/@internationalized/number/-/number-3.1.1.tgz"
    "version" "3.1.1"
    dependencies:
      "@babel/runtime" "^7.6.2"
  
  "@internationalized/string@^3.0.0":
    "integrity" "sha512-NUSr4u+mNu5BysXFeVWZW4kvjXylPkU/YYqaWzdNuz1eABfehFiZTEYhWAAMzI3U8DTxfqF9PM3zyhk5gcfz6w=="
    "resolved" "https://registry.npmjs.org/@internationalized/string/-/string-3.0.0.tgz"
    "version" "3.0.0"
    dependencies:
      "@babel/runtime" "^7.6.2"
  
  "@mui/base@5.0.0-alpha.109":
    "integrity" "sha512-UQxoONPI3ntzxcD/cbFHl+Lp2xsVj6HpKmU9QhUZ2kZ2K2yej2QJyU1gnADoWl/Hu94VrvwSSRnjTjR3HvXO/g=="
    "resolved" "https://registry.npmjs.org/@mui/base/-/base-5.0.0-alpha.109.tgz"
    "version" "5.0.0-alpha.109"
    dependencies:
      "@babel/runtime" "^7.20.1"
      "@emotion/is-prop-valid" "^1.2.0"
      "@mui/types" "^7.2.2"
      "@mui/utils" "^5.10.16"
      "@popperjs/core" "^2.11.6"
      "clsx" "^1.2.1"
      "prop-types" "^15.8.1"
      "react-is" "^18.2.0"
  
  "@mui/core-downloads-tracker@^5.10.17":
    "integrity" "sha512-iNwUuMA30nrN0tiEkeD3zaczv7Tk2jlZIDbXRnijAsYXkZtl/xEzQsVRIPYRDuyEz6D18vQJhV8h7gPUXEubTg=="
    "resolved" "https://registry.npmjs.org/@mui/core-downloads-tracker/-/core-downloads-tracker-5.10.17.tgz"
    "version" "5.10.17"
  
  "@mui/icons-material@^5.10.16":
    "integrity" "sha512-jjCc0IF6iyLiucQCu5igg3fOscSqbbvRCmyRxXgzOcLR56B0sg2L8o+ZfJ0dAg59+wvgtXaxvjze/mJg0B4iWA=="
    "resolved" "https://registry.npmjs.org/@mui/icons-material/-/icons-material-5.10.16.tgz"
    "version" "5.10.16"
    dependencies:
      "@babel/runtime" "^7.20.1"
  
  "@mui/material@^5.0.0", "@mui/material@^5.10.17":
    "integrity" "sha512-Kuqgv1qI5HXnc/Xu426xhCGYBSKzplb+xFNLitbnIb92Qx8jmcpfNpFlDJa2kD2H6qP66rr/m4c/zMUfGX/xBQ=="
    "resolved" "https://registry.npmjs.org/@mui/material/-/material-5.10.17.tgz"
    "version" "5.10.17"
    dependencies:
      "@babel/runtime" "^7.20.1"
      "@mui/base" "5.0.0-alpha.109"
      "@mui/core-downloads-tracker" "^5.10.17"
      "@mui/system" "^5.10.17"
      "@mui/types" "^7.2.2"
      "@mui/utils" "^5.10.16"
      "@types/react-transition-group" "^4.4.5"
      "clsx" "^1.2.1"
      "csstype" "^3.1.1"
      "prop-types" "^15.8.1"
      "react-is" "^18.2.0"
      "react-transition-group" "^4.4.5"
  
  "@mui/private-theming@^5.10.16":
    "integrity" "sha512-0MArkJaOHRCKqL/GWjngGZmyOeRz+uxffhx82bKcewr8swqV7xx7EFP02pk0L/gLdfcvYdqwH4YTVjG/+TaKrg=="
    "resolved" "https://registry.npmjs.org/@mui/private-theming/-/private-theming-5.10.16.tgz"
    "version" "5.10.16"
    dependencies:
      "@babel/runtime" "^7.20.1"
      "@mui/utils" "^5.10.16"
      "prop-types" "^15.8.1"
  
  "@mui/styled-engine@^5.10.16":
    "integrity" "sha512-ZMSjXvtiGwGDKqrSlXhpxK2voUaF2/lpC/pSTfFmZvKH9j9a9h1/iwo3ybgjFVYGgbfNeW4h0xEchiRohu9xsw=="
    "resolved" "https://registry.npmjs.org/@mui/styled-engine/-/styled-engine-5.10.16.tgz"
    "version" "5.10.16"
    dependencies:
      "@babel/runtime" "^7.20.1"
      "@emotion/cache" "^11.10.5"
      "csstype" "^3.1.1"
      "prop-types" "^15.8.1"
  
  "@mui/system@^5.10.17":
    "integrity" "sha512-UYzAOSK7uxkMsUssqrIUW3lnOuQpU8vqh4hLwfSw+GYAnQo3qjK4m4NhlDx+pFpsjjiGnr3K+vrSH+aIAMbcLg=="
    "resolved" "https://registry.npmjs.org/@mui/system/-/system-5.10.17.tgz"
    "version" "5.10.17"
    dependencies:
      "@babel/runtime" "^7.20.1"
      "@mui/private-theming" "^5.10.16"
      "@mui/styled-engine" "^5.10.16"
      "@mui/types" "^7.2.2"
      "@mui/utils" "^5.10.16"
      "clsx" "^1.2.1"
      "csstype" "^3.1.1"
      "prop-types" "^15.8.1"
  
  "@mui/types@^7.2.2":
    "integrity" "sha512-siex8cZDtWeC916cXOoUOnEQQejuMYmHtc4hM6VkKVYaBICz3VIiqyiAomRboTQHt2jchxQ5Q5ATlbcDekTxDA=="
    "resolved" "https://registry.npmjs.org/@mui/types/-/types-7.2.2.tgz"
    "version" "7.2.2"
  
  "@mui/utils@^5.10.16":
    "integrity" "sha512-3MB/SGsgiiu9Z55CFmAfiONUoR7AAue/H4F6w3mc2LnhFQCsoVvXhioDPcsiRpUMIQr34jDPzGXdCuqWooPCXQ=="
    "resolved" "https://registry.npmjs.org/@mui/utils/-/utils-5.10.16.tgz"
    "version" "5.10.16"
    dependencies:
      "@babel/runtime" "^7.20.1"
      "@types/prop-types" "^15.7.5"
      "@types/react-is" "^16.7.1 || ^17.0.0"
      "prop-types" "^15.8.1"
      "react-is" "^18.2.0"
  
  "@next/env@13.0.6":
    "integrity" "sha512-yceT6DCHKqPRS1cAm8DHvDvK74DLIkDQdm5iV+GnIts8h0QbdHvkUIkdOvQoOODgpr6018skbmSQp12z5OWIQQ=="
    "resolved" "https://registry.npmjs.org/@next/env/-/env-13.0.6.tgz"
    "version" "13.0.6"
  
  "@next/swc-win32-x64-msvc@13.0.6":
    "integrity" "sha512-pSkqZ//UP/f2sS9T7IvHLfEWDPTX0vRyXJnAUNisKvO3eF3e1xdhDX7dix/X3Z3lnN4UjSwOzclAI87JFbOwmQ=="
    "resolved" "https://registry.npmjs.org/@next/swc-win32-x64-msvc/-/swc-win32-x64-msvc-13.0.6.tgz"
    "version" "13.0.6"
  
  "@nextui-org/react@^1.0.0-beta.10":
    "integrity" "sha512-cxqsp4QXmKJoiDeoeEmayn3LUgRrHvOhmvfv8fm65CdWZI5Ro18DwBQrD+mdttlZ/OEaiYQXDPSP36p2DALdag=="
    "resolved" "https://registry.npmjs.org/@nextui-org/react/-/react-1.0.0-beta.10.tgz"
    "version" "1.0.0-beta.10"
    dependencies:
      "@babel/runtime" "^7.6.2"
      "@react-aria/button" "3.6.0"
      "@react-aria/checkbox" "3.5.0"
      "@react-aria/dialog" "3.3.0"
      "@react-aria/focus" "3.7.0"
      "@react-aria/i18n" "3.5.1"
      "@react-aria/interactions" "3.10.0"
      "@react-aria/label" "3.4.0"
      "@react-aria/link" "3.3.1"
      "@react-aria/menu" "3.6.0"
      "@react-aria/overlays" "3.10.0"
      "@react-aria/radio" "3.3.0"
      "@react-aria/ssr" "3.3.0"
      "@react-aria/table" "3.4.0"
      "@react-aria/utils" "3.13.2"
      "@react-aria/visually-hidden" "3.4.0"
      "@react-stately/checkbox" "3.2.0"
      "@react-stately/data" "3.6.0"
      "@react-stately/overlays" "3.4.0"
      "@react-stately/radio" "3.5.0"
      "@react-stately/table" "3.3.0"
      "@react-stately/toggle" "3.4.0"
      "@react-stately/tree" "3.3.2"
      "@react-types/button" "^3.6.0"
      "@react-types/checkbox" "3.3.2"
      "@react-types/grid" "3.1.2"
      "@react-types/menu" "3.7.0"
      "@react-types/overlays" "3.6.2"
      "@react-types/shared" "3.14.0"
      "@stitches/react" "1.2.8"
  
  "@popperjs/core@^2.11.5", "@popperjs/core@^2.11.6":
    "integrity" "sha512-50/17A98tWUfQ176raKiOGXuYpLyyVMkxxG6oylzL3BPOlA6ADGdK7EYunSa4I064xerltq9TGXs8HmOk5E+vw=="
    "resolved" "https://registry.npmjs.org/@popperjs/core/-/core-2.11.6.tgz"
    "version" "2.11.6"
  
  "@react-aria/button@3.6.0":
    "integrity" "sha512-+I+raFN5Kw85WzgmiIEQG0JhJ+WSCWJRSCgA0Nc4Wvjkm7gQSRvhSzSZiI7HQxz43h0MgFbuX/ruRn1WKPLsLg=="
    "resolved" "https://registry.npmjs.org/@react-aria/button/-/button-3.6.0.tgz"
    "version" "3.6.0"
    dependencies:
      "@babel/runtime" "^7.6.2"
      "@react-aria/focus" "^3.7.0"
      "@react-aria/interactions" "^3.10.0"
      "@react-aria/utils" "^3.13.2"
      "@react-stately/toggle" "^3.4.0"
      "@react-types/button" "^3.6.0"
      "@react-types/shared" "^3.14.0"
  
  "@react-aria/checkbox@3.5.0":
    "integrity" "sha512-U3SXfiVus/aF3S3v9aTPILRZBnUzHs5JJhile9CXIe1YoPam8u12s4G+aS55rrwoa3XLcnvZbPbwlShcc8bjaA=="
    "resolved" "https://registry.npmjs.org/@react-aria/checkbox/-/checkbox-3.5.0.tgz"
    "version" "3.5.0"
    dependencies:
      "@babel/runtime" "^7.6.2"
      "@react-aria/label" "^3.4.0"
      "@react-aria/toggle" "^3.3.2"
      "@react-aria/utils" "^3.13.2"
      "@react-stately/checkbox" "^3.2.0"
      "@react-stately/toggle" "^3.4.0"
      "@react-types/checkbox" "^3.3.2"
      "@react-types/shared" "^3.14.0"
  
  "@react-aria/dialog@3.3.0":
    "integrity" "sha512-kzJLjIYIRpK+ASOpOSY56sE6l+rpmk4QvIqTjrqlynXdneGVgNVu3OxX37U73Zn53is7ivbT+TugCzHTgle0qg=="
    "resolved" "https://registry.npmjs.org/@react-aria/dialog/-/dialog-3.3.0.tgz"
    "version" "3.3.0"
    dependencies:
      "@babel/runtime" "^7.6.2"
      "@react-aria/focus" "^3.7.0"
      "@react-aria/utils" "^3.13.2"
      "@react-stately/overlays" "^3.4.0"
      "@react-types/dialog" "^3.4.2"
      "@react-types/shared" "^3.14.0"
  
  "@react-aria/focus@^3.10.0", "@react-aria/focus@^3.6.1", "@react-aria/focus@^3.7.0":
    "integrity" "sha512-idI7Etgh6y2BYi3X4d+EuUpzR7gPZ94Lf/0UNnVyMkDM9fzcdz/8DCBt0qKOff24HlaLE1rmREt0+iTR/qRgbA=="
    "resolved" "https://registry.npmjs.org/@react-aria/focus/-/focus-3.10.0.tgz"
    "version" "3.10.0"
    dependencies:
      "@babel/runtime" "^7.6.2"
      "@react-aria/interactions" "^3.13.0"
      "@react-aria/utils" "^3.14.1"
      "@react-types/shared" "^3.16.0"
      "clsx" "^1.1.1"
  
  "@react-aria/focus@3.7.0":
    "integrity" "sha512-LydZSLBLEUklakM0Ogdk17F3f/Uwaj5Nl1mfcK8HhrroGT8A8XH0KjA9D6gM6JGHgxZemx0ufOgxhQZeBGQMQw=="
    "resolved" "https://registry.npmjs.org/@react-aria/focus/-/focus-3.7.0.tgz"
    "version" "3.7.0"
    dependencies:
      "@babel/runtime" "^7.6.2"
      "@react-aria/interactions" "^3.10.0"
      "@react-aria/utils" "^3.13.2"
      "@react-types/shared" "^3.14.0"
      "clsx" "^1.1.1"
  
  "@react-aria/grid@^3.4.0":
    "integrity" "sha512-eWwhG9wHb6l6poZSvnhoSSCpNy1kG3HxIpcbMaR2/qllbUYgZ4PASyx4N2TT/VqBUsxCSwC/WqcDka11U9d94w=="
    "resolved" "https://registry.npmjs.org/@react-aria/grid/-/grid-3.5.1.tgz"
    "version" "3.5.1"
    dependencies:
      "@babel/runtime" "^7.6.2"
      "@react-aria/focus" "^3.10.0"
      "@react-aria/i18n" "^3.6.2"
      "@react-aria/interactions" "^3.13.0"
      "@react-aria/live-announcer" "^3.1.1"
      "@react-aria/selection" "^3.12.0"
      "@react-aria/utils" "^3.14.1"
      "@react-stately/grid" "^3.4.1"
      "@react-stately/selection" "^3.11.1"
      "@react-stately/virtualizer" "^3.4.0"
      "@react-types/checkbox" "^3.4.1"
      "@react-types/grid" "^3.1.5"
      "@react-types/shared" "^3.16.0"
  
  "@react-aria/i18n@^3.5.0", "@react-aria/i18n@^3.6.2":
    "integrity" "sha512-/G22mZQcISX6DcKLBn4j/X53y2SOnFfiD4wOEuY7sIZZDryktd+3I/QHukCnNlf0tKK3PdixQLvWa9Q1RqTSaw=="
    "resolved" "https://registry.npmjs.org/@react-aria/i18n/-/i18n-3.6.2.tgz"
    "version" "3.6.2"
    dependencies:
      "@babel/runtime" "^7.6.2"
      "@internationalized/date" "^3.0.1"
      "@internationalized/message" "^3.0.9"
      "@internationalized/number" "^3.1.1"
      "@internationalized/string" "^3.0.0"
      "@react-aria/ssr" "^3.4.0"
      "@react-aria/utils" "^3.14.1"
      "@react-types/shared" "^3.16.0"
  
  "@react-aria/i18n@3.5.1":
    "integrity" "sha512-PtlQ/W1PXVKzCGK86MuGuCzYBwENDBjrQ2a4ux+BBQ2Dk8ZXEARSp9JaMFuOdiloXc/p4FoxCVoB+lhu4RCScg=="
    "resolved" "https://registry.npmjs.org/@react-aria/i18n/-/i18n-3.5.1.tgz"
    "version" "3.5.1"
    dependencies:
      "@babel/runtime" "^7.6.2"
      "@internationalized/date" "^3.0.1"
      "@internationalized/message" "^3.0.9"
      "@internationalized/number" "^3.1.1"
      "@internationalized/string" "^3.0.0"
      "@react-aria/ssr" "^3.3.0"
      "@react-aria/utils" "^3.13.2"
      "@react-types/shared" "^3.14.0"
  
  "@react-aria/interactions@^3.10.0", "@react-aria/interactions@^3.13.0", "@react-aria/interactions@^3.9.1":
    "integrity" "sha512-gbZL+qs+6FPitR/abAramth4lqz/drEzXwzIDF6p6WyajF805mjyAgZin1/3mQygSE5BwJNDU7jMUSGRvgFyTw=="
    "resolved" "https://registry.npmjs.org/@react-aria/interactions/-/interactions-3.13.0.tgz"
    "version" "3.13.0"
    dependencies:
      "@babel/runtime" "^7.6.2"
      "@react-aria/utils" "^3.14.1"
      "@react-types/shared" "^3.16.0"
  
  "@react-aria/interactions@3.10.0":
    "integrity" "sha512-Lp74VfF+EskT3IqK2MBMdJpJU48p60+YkMbgtoDF6LudNO8jw0nxcsvnimPriTSkZWINRpajG/9sIa0EIDcQKw=="
    "resolved" "https://registry.npmjs.org/@react-aria/interactions/-/interactions-3.10.0.tgz"
    "version" "3.10.0"
    dependencies:
      "@babel/runtime" "^7.6.2"
      "@react-aria/utils" "^3.13.2"
      "@react-types/shared" "^3.14.0"
  
  "@react-aria/label@^3.4.0":
    "integrity" "sha512-g8NSHQKha6xOpR0cUQ6cmH/HwGJdebEbyy+c1I6VeW6me8lSF47xLnybnA6LBV4x9hJqkST6rfL/oPaBMCEKNA=="
    "resolved" "https://registry.npmjs.org/@react-aria/label/-/label-3.4.3.tgz"
    "version" "3.4.3"
    dependencies:
      "@babel/runtime" "^7.6.2"
      "@react-aria/utils" "^3.14.1"
      "@react-types/label" "^3.7.1"
      "@react-types/shared" "^3.16.0"
  
  "@react-aria/label@3.4.0":
    "integrity" "sha512-QqyZMuSdnH+7mkAbZbGtLU3NhSz2luNCeM+ZJPQ3ANegrdXsKwERSwD2/ERHAC5FGLqwlzXnPhRcYdvjafg/Ug=="
    "resolved" "https://registry.npmjs.org/@react-aria/label/-/label-3.4.0.tgz"
    "version" "3.4.0"
    dependencies:
      "@babel/runtime" "^7.6.2"
      "@react-aria/utils" "^3.13.2"
      "@react-types/label" "^3.6.2"
      "@react-types/shared" "^3.14.0"
  
  "@react-aria/link@3.3.1":
    "integrity" "sha512-so77s4IjZo8VGi85v6oDUzsQRoAwQH4LUUUpDLbKxEb5YaiN4/3yCVibeZrWzIzOTCOyLMXPbGwxHOUsl8EhVg=="
    "resolved" "https://registry.npmjs.org/@react-aria/link/-/link-3.3.1.tgz"
    "version" "3.3.1"
    dependencies:
      "@babel/runtime" "^7.6.2"
      "@react-aria/focus" "^3.6.1"
      "@react-aria/interactions" "^3.9.1"
      "@react-aria/utils" "^3.13.1"
      "@react-types/link" "^3.3.1"
      "@react-types/shared" "^3.13.1"
  
  "@react-aria/live-announcer@^3.1.1":
    "integrity" "sha512-e7b+dRh1SUTla42vzjdbhGYkeLD7E6wIYjYaHW9zZ37rBkSqLHUhTigh3eT3k5NxFlDD/uRxTYuwaFnWQgR+4g=="
    "resolved" "https://registry.npmjs.org/@react-aria/live-announcer/-/live-announcer-3.1.1.tgz"
    "version" "3.1.1"
    dependencies:
      "@babel/runtime" "^7.6.2"
  
  "@react-aria/menu@3.6.0":
    "integrity" "sha512-s083I10XG/K06V7wOF+VYGgUwg6ZwlmsmLlrXyFRzCVK6LXimNNC/mOeSZet6m4R4H1svtH+US/v+/eD6pkdUQ=="
    "resolved" "https://registry.npmjs.org/@react-aria/menu/-/menu-3.6.0.tgz"
    "version" "3.6.0"
    dependencies:
      "@babel/runtime" "^7.6.2"
      "@react-aria/i18n" "^3.5.0"
      "@react-aria/interactions" "^3.10.0"
      "@react-aria/overlays" "^3.10.0"
      "@react-aria/selection" "^3.10.0"
      "@react-aria/utils" "^3.13.2"
      "@react-stately/collections" "^3.4.2"
      "@react-stately/menu" "^3.4.0"
      "@react-stately/tree" "^3.3.2"
      "@react-types/button" "^3.6.0"
      "@react-types/menu" "^3.7.0"
      "@react-types/shared" "^3.14.0"
  
  "@react-aria/overlays@^3.10.0":
    "integrity" "sha512-jsGeLTB3W3S5Cf2zDTxh1ODTNkE69miFDOGMB0VLwS1GWDwDvytcTRpBKY9JBrxad+4u0x6evnah7IbJ61qNBA=="
    "resolved" "https://registry.npmjs.org/@react-aria/overlays/-/overlays-3.12.0.tgz"
    "version" "3.12.0"
    dependencies:
      "@babel/runtime" "^7.6.2"
      "@react-aria/focus" "^3.10.0"
      "@react-aria/i18n" "^3.6.2"
      "@react-aria/interactions" "^3.13.0"
      "@react-aria/ssr" "^3.4.0"
      "@react-aria/utils" "^3.14.1"
      "@react-aria/visually-hidden" "^3.6.0"
      "@react-stately/overlays" "^3.4.3"
      "@react-types/button" "^3.7.0"
      "@react-types/overlays" "^3.6.5"
      "@react-types/shared" "^3.16.0"
  
  "@react-aria/overlays@3.10.0":
    "integrity" "sha512-A7aI59/o4tUAISjyyRfJz3833SLe4ZKPNoxOVUzgjfkfnCKq7YDSSEC5poxDqYD9bq/NBXK6stdgaGLXQSirNw=="
    "resolved" "https://registry.npmjs.org/@react-aria/overlays/-/overlays-3.10.0.tgz"
    "version" "3.10.0"
    dependencies:
      "@babel/runtime" "^7.6.2"
      "@react-aria/i18n" "^3.5.0"
      "@react-aria/interactions" "^3.10.0"
      "@react-aria/ssr" "^3.3.0"
      "@react-aria/utils" "^3.13.2"
      "@react-aria/visually-hidden" "^3.4.0"
      "@react-stately/overlays" "^3.4.0"
      "@react-types/button" "^3.6.0"
      "@react-types/overlays" "^3.6.2"
      "@react-types/shared" "^3.14.0"
  
  "@react-aria/radio@3.3.0":
    "integrity" "sha512-UhPxFVYKaPI8a9bF6XOl5Q7lbgW7YlrLTHnjOhxiUWvyyOsOnseiSgF9TqSfhhsF7HNYdOt1u3Xwx3vrHniCBg=="
    "resolved" "https://registry.npmjs.org/@react-aria/radio/-/radio-3.3.0.tgz"
    "version" "3.3.0"
    dependencies:
      "@babel/runtime" "^7.6.2"
      "@react-aria/focus" "^3.7.0"
      "@react-aria/i18n" "^3.5.0"
      "@react-aria/interactions" "^3.10.0"
      "@react-aria/label" "^3.4.0"
      "@react-aria/utils" "^3.13.2"
      "@react-stately/radio" "^3.5.0"
      "@react-types/radio" "^3.2.2"
      "@react-types/shared" "^3.14.0"
  
  "@react-aria/selection@^3.10.0", "@react-aria/selection@^3.12.0":
    "integrity" "sha512-Akzx5Faxw+sOZFXLCOw6OddDNFbP5Kho3EP6bYJfd2pzMkBc8/JemC/YDrtIuy8e9x6Je9HHSZqtKjwiEaXWog=="
    "resolved" "https://registry.npmjs.org/@react-aria/selection/-/selection-3.12.0.tgz"
    "version" "3.12.0"
    dependencies:
      "@babel/runtime" "^7.6.2"
      "@react-aria/focus" "^3.10.0"
      "@react-aria/i18n" "^3.6.2"
      "@react-aria/interactions" "^3.13.0"
      "@react-aria/utils" "^3.14.1"
      "@react-stately/collections" "^3.5.0"
      "@react-stately/selection" "^3.11.1"
      "@react-types/shared" "^3.16.0"
  
  "@react-aria/ssr@^3.2.0", "@react-aria/ssr@^3.3.0", "@react-aria/ssr@^3.4.0":
    "integrity" "sha512-qzuGk14/fUyUAoW/EBwgFcuMkVNXJVGlezTgZ1HovpCZ+p9844E7MUFHE7CuzFzPEIkVeqhBNIoIu+VJJ8YCOA=="
    "resolved" "https://registry.npmjs.org/@react-aria/ssr/-/ssr-3.4.0.tgz"
    "version" "3.4.0"
    dependencies:
      "@babel/runtime" "^7.6.2"
  
  "@react-aria/ssr@3.3.0":
    "integrity" "sha512-yNqUDuOVZIUGP81R87BJVi/ZUZp/nYOBXbPsRe7oltJOfErQZD+UezMpw4vM2KRz18cURffvmC8tJ6JTeyDtaQ=="
    "resolved" "https://registry.npmjs.org/@react-aria/ssr/-/ssr-3.3.0.tgz"
    "version" "3.3.0"
    dependencies:
      "@babel/runtime" "^7.6.2"
  
  "@react-aria/table@3.4.0":
    "integrity" "sha512-a3yYKRtadGzMrOJlGy2AGf2w2baESYgM2hZnB4YupBrcKJ/91BMpAbpAMolCI02av+Tz0BtAKh0kSs7nEsiiuA=="
    "resolved" "https://registry.npmjs.org/@react-aria/table/-/table-3.4.0.tgz"
    "version" "3.4.0"
    dependencies:
      "@babel/runtime" "^7.6.2"
      "@react-aria/focus" "^3.7.0"
      "@react-aria/grid" "^3.4.0"
      "@react-aria/i18n" "^3.5.0"
      "@react-aria/interactions" "^3.10.0"
      "@react-aria/live-announcer" "^3.1.1"
      "@react-aria/selection" "^3.10.0"
      "@react-aria/utils" "^3.13.2"
      "@react-stately/table" "^3.3.0"
      "@react-stately/virtualizer" "^3.2.2"
      "@react-types/checkbox" "^3.3.2"
      "@react-types/grid" "^3.1.2"
      "@react-types/shared" "^3.14.0"
      "@react-types/table" "^3.3.0"
  
  "@react-aria/toggle@^3.3.2":
    "integrity" "sha512-oVcjqsqvvEXW25vm3F2gxF5Csz8vRNKeF7Kc5pxqLrBohqMausChul+/Zisx5qVB4TL0yO3ygjTGbEvfEYQ1qg=="
    "resolved" "https://registry.npmjs.org/@react-aria/toggle/-/toggle-3.4.1.tgz"
    "version" "3.4.1"
    dependencies:
      "@babel/runtime" "^7.6.2"
      "@react-aria/focus" "^3.10.0"
      "@react-aria/interactions" "^3.13.0"
      "@react-aria/utils" "^3.14.1"
      "@react-stately/toggle" "^3.4.3"
      "@react-types/checkbox" "^3.4.1"
      "@react-types/shared" "^3.16.0"
      "@react-types/switch" "^3.2.5"
  
  "@react-aria/utils@^3.13.1", "@react-aria/utils@^3.13.2", "@react-aria/utils@^3.14.1":
    "integrity" "sha512-+ynP0YlxN02MHVEBaeuTrIhBsfBYpfJn36pZm2t7ZEFbafH8DPaMGZ70ffYZXAESkWzRULXL3e79DheWOFI1qA=="
    "resolved" "https://registry.npmjs.org/@react-aria/utils/-/utils-3.14.1.tgz"
    "version" "3.14.1"
    dependencies:
      "@babel/runtime" "^7.6.2"
      "@react-aria/ssr" "^3.4.0"
      "@react-stately/utils" "^3.5.1"
      "@react-types/shared" "^3.16.0"
      "clsx" "^1.1.1"
  
  "@react-aria/utils@3.13.2":
    "integrity" "sha512-VTI8tv9m/BxE/lPTNCZN1fcHuY540xm+HT1vg2ZQCryudUWvzQkHi+h0z32DhiGHhvRFIGdH/enf3psip7ZLTQ=="
    "resolved" "https://registry.npmjs.org/@react-aria/utils/-/utils-3.13.2.tgz"
    "version" "3.13.2"
    dependencies:
      "@babel/runtime" "^7.6.2"
      "@react-aria/ssr" "^3.3.0"
      "@react-stately/utils" "^3.5.1"
      "@react-types/shared" "^3.14.0"
      "clsx" "^1.1.1"
  
  "@react-aria/visually-hidden@^3.4.0", "@react-aria/visually-hidden@^3.6.0":
    "integrity" "sha512-W3Ix5wdlVzh2GY7dytqOAyLCXiHzk3S4jLKSaoiCwPJX9fHE5zMlZwahhDy27V0LXfjmdjBltbwyEZOq4G/Q0w=="
    "resolved" "https://registry.npmjs.org/@react-aria/visually-hidden/-/visually-hidden-3.6.0.tgz"
    "version" "3.6.0"
    dependencies:
      "@babel/runtime" "^7.6.2"
      "@react-aria/interactions" "^3.13.0"
      "@react-aria/utils" "^3.14.1"
      "@react-types/shared" "^3.16.0"
      "clsx" "^1.1.1"
  
  "@react-aria/visually-hidden@3.4.0":
    "integrity" "sha512-mRl4Vfg7F0ohf7N3RWdOQLUnXC4ApM3hsfBegsRQHDkbbrcq7MGPyCa154kIZg8Ff2cOtbgvrAlymzWmkOVZEQ=="
    "resolved" "https://registry.npmjs.org/@react-aria/visually-hidden/-/visually-hidden-3.4.0.tgz"
    "version" "3.4.0"
    dependencies:
      "@babel/runtime" "^7.6.2"
      "@react-aria/interactions" "^3.10.0"
      "@react-aria/utils" "^3.13.2"
      "@react-types/shared" "^3.14.0"
      "clsx" "^1.1.1"
  
  "@react-stately/checkbox@^3.2.0":
    "integrity" "sha512-r2hL11GF9r2ztUFEhpiVgiXgE+W99tyL1Kt7rOiTZ8/aMBGWwBxOHAdHeqcWFeBgOztXuJsKiDu82necEG4xhA=="
    "resolved" "https://registry.npmjs.org/@react-stately/checkbox/-/checkbox-3.3.1.tgz"
    "version" "3.3.1"
    dependencies:
      "@babel/runtime" "^7.6.2"
      "@react-stately/toggle" "^3.4.3"
      "@react-stately/utils" "^3.5.1"
      "@react-types/checkbox" "^3.4.1"
      "@react-types/shared" "^3.16.0"
  
  "@react-stately/checkbox@3.2.0":
    "integrity" "sha512-nVO/asz7MTF5nLJcMMq5KgNlk4npckq+7nQvEVW6pyob5r2m7Lvd+Zhl4oKT0WtTIzg31VB6yRew1czKx/SUpA=="
    "resolved" "https://registry.npmjs.org/@react-stately/checkbox/-/checkbox-3.2.0.tgz"
    "version" "3.2.0"
    dependencies:
      "@babel/runtime" "^7.6.2"
      "@react-stately/toggle" "^3.4.0"
      "@react-stately/utils" "^3.5.1"
      "@react-types/checkbox" "^3.3.2"
  
  "@react-stately/collections@^3.4.2", "@react-stately/collections@^3.5.0":
    "integrity" "sha512-3BAMRjJqrka0IGvyK4m3WslqCeiEfQGx7YsXEIgIgMJoLpk6Fi1Eh4CI8coBnl/wcVLiIRMCIvxubwFRWTgzdg=="
    "resolved" "https://registry.npmjs.org/@react-stately/collections/-/collections-3.5.0.tgz"
    "version" "3.5.0"
    dependencies:
      "@babel/runtime" "^7.6.2"
      "@react-types/shared" "^3.16.0"
  
  "@react-stately/data@3.6.0":
    "integrity" "sha512-psuc5nziuPWYdxIFhXEt9DBT+cuhOCyGPz8cOP5RuWFfSM4r583M0SYrsi5YXCvUwhZEFFQNbapxJFfMpAHPtw=="
    "resolved" "https://registry.npmjs.org/@react-stately/data/-/data-3.6.0.tgz"
    "version" "3.6.0"
    dependencies:
      "@babel/runtime" "^7.6.2"
      "@react-types/shared" "^3.14.0"
  
  "@react-stately/grid@^3.3.0", "@react-stately/grid@^3.4.1":
    "integrity" "sha512-IRaqXUQGji87Q+pYYQKJYTuUtgAjoDQaMOlvpvB9HlyK5faXq0H1tJsYAeVYpH0synfzCnr7CN0J6kSTbeL1jA=="
    "resolved" "https://registry.npmjs.org/@react-stately/grid/-/grid-3.4.1.tgz"
    "version" "3.4.1"
    dependencies:
      "@babel/runtime" "^7.6.2"
      "@react-stately/selection" "^3.11.1"
      "@react-types/grid" "^3.1.5"
      "@react-types/shared" "^3.16.0"
  
  "@react-stately/menu@^3.4.0":
    "integrity" "sha512-ZWym6XQSLaC5uFUTZl6+mreEgzc8EUG6ElcnvdXYcH4DWUfswhLxCi3IdnG0lusWEi4NcHbZ2prEUxpT8VKqrg=="
    "resolved" "https://registry.npmjs.org/@react-stately/menu/-/menu-3.4.3.tgz"
    "version" "3.4.3"
    dependencies:
      "@babel/runtime" "^7.6.2"
      "@react-stately/overlays" "^3.4.3"
      "@react-stately/utils" "^3.5.1"
      "@react-types/menu" "^3.7.3"
      "@react-types/shared" "^3.16.0"
  
  "@react-stately/overlays@^3.4.0", "@react-stately/overlays@^3.4.3":
    "integrity" "sha512-WZCr3J8hj0cplQki1OVBR3MXg2l9V017h15Y2h+TNduWvnKH0yYOE/XfWviAT4KUP0LYoQfCnZ7XMHv+UI+8JA=="
    "resolved" "https://registry.npmjs.org/@react-stately/overlays/-/overlays-3.4.3.tgz"
    "version" "3.4.3"
    dependencies:
      "@babel/runtime" "^7.6.2"
      "@react-stately/utils" "^3.5.1"
      "@react-types/overlays" "^3.6.5"
  
  "@react-stately/overlays@3.4.0":
    "integrity" "sha512-jXVm1V91lWOKh73cFvE9W9JtAE8idSWEUtFlVrlBI/jh0ZOt148UlRVWgHrm7FhaUpyvOFNUyfidRmKMuB+hgw=="
    "resolved" "https://registry.npmjs.org/@react-stately/overlays/-/overlays-3.4.0.tgz"
    "version" "3.4.0"
    dependencies:
      "@babel/runtime" "^7.6.2"
      "@react-stately/utils" "^3.5.1"
      "@react-types/overlays" "^3.6.2"
  
  "@react-stately/radio@^3.5.0":
    "integrity" "sha512-Hcg2qgvR7ekKMzVKeGby1FgMk3Sw4iDcEY/K1Y6j7UmGjM2HtQOq614tWQSQeGB25pp5I2jAWlparJeX0vY/oA=="
    "resolved" "https://registry.npmjs.org/@react-stately/radio/-/radio-3.6.1.tgz"
    "version" "3.6.1"
    dependencies:
      "@babel/runtime" "^7.6.2"
      "@react-stately/utils" "^3.5.1"
      "@react-types/radio" "^3.3.1"
      "@react-types/shared" "^3.16.0"
  
  "@react-stately/radio@3.5.0":
    "integrity" "sha512-qn4+wa9sf3zZXSLrrR9rQpOII8BEQeAkvxyq/YhUQXBpQ8SoF5LobpGIZqp3n8G+Cxzjxd6/GON+lOFxWr0iXA=="
    "resolved" "https://registry.npmjs.org/@react-stately/radio/-/radio-3.5.0.tgz"
    "version" "3.5.0"
    dependencies:
      "@babel/runtime" "^7.6.2"
      "@react-stately/utils" "^3.5.1"
      "@react-types/radio" "^3.2.2"
  
  "@react-stately/selection@^3.10.2", "@react-stately/selection@^3.11.1":
    "integrity" "sha512-UHB6/eH5NJ+Q70G+pmnxohHfR3bh0szT+lOlWPj7Mh76WPu9bu07IHKLEob6PSzyJ81h7+Ysk3hdIgS3TewGog=="
    "resolved" "https://registry.npmjs.org/@react-stately/selection/-/selection-3.11.1.tgz"
    "version" "3.11.1"
    dependencies:
      "@babel/runtime" "^7.6.2"
      "@react-stately/collections" "^3.5.0"
      "@react-stately/utils" "^3.5.1"
      "@react-types/shared" "^3.16.0"
  
  "@react-stately/table@^3.3.0":
    "integrity" "sha512-B6zamfI06j3+kxlMm1mgn+JaQv5CdXgYsMLo96nrU+XRbn2WzAikc2w+XHmfnqlKAcm+PtcDjrshDOCMioP2QA=="
    "resolved" "https://registry.npmjs.org/@react-stately/table/-/table-3.6.0.tgz"
    "version" "3.6.0"
    dependencies:
      "@babel/runtime" "^7.6.2"
      "@react-stately/collections" "^3.5.0"
      "@react-stately/grid" "^3.4.1"
      "@react-stately/selection" "^3.11.1"
      "@react-types/grid" "^3.1.5"
      "@react-types/shared" "^3.16.0"
      "@react-types/table" "^3.3.3"
  
  "@react-stately/table@3.3.0":
    "integrity" "sha512-qhZdgyD0EyePW/U/VlJCGLBNuzo2H1hQSgfRJ7+E5QVbqDwUUQ6Safz1EQ3Jhh64IcTDqxvKL3arr8THT7UKdA=="
    "resolved" "https://registry.npmjs.org/@react-stately/table/-/table-3.3.0.tgz"
    "version" "3.3.0"
    dependencies:
      "@babel/runtime" "^7.6.2"
      "@react-stately/collections" "^3.4.2"
      "@react-stately/grid" "^3.3.0"
      "@react-stately/selection" "^3.10.2"
      "@react-types/grid" "^3.1.2"
      "@react-types/shared" "^3.14.0"
      "@react-types/table" "^3.3.0"
  
  "@react-stately/toggle@^3.4.0", "@react-stately/toggle@^3.4.3":
    "integrity" "sha512-HsJLMa5d9i6SWyDIahkJExkanXZek86//hirsgSU0IvY7YJx33Wek8UwHE5Vskp39DAOu18QMz2GrAngnUErYQ=="
    "resolved" "https://registry.npmjs.org/@react-stately/toggle/-/toggle-3.4.3.tgz"
    "version" "3.4.3"
    dependencies:
      "@babel/runtime" "^7.6.2"
      "@react-stately/utils" "^3.5.1"
      "@react-types/checkbox" "^3.4.1"
      "@react-types/shared" "^3.16.0"
  
  "@react-stately/toggle@3.4.0":
    "integrity" "sha512-7kPxR2+Aze7NmpWWOQanRsQvmz7R+Sdlu+2xi0Wh5LPFg+lkXSiGY63uM2amxZcbFb0Mhy5ExlRpF53ReZjEOA=="
    "resolved" "https://registry.npmjs.org/@react-stately/toggle/-/toggle-3.4.0.tgz"
    "version" "3.4.0"
    dependencies:
      "@babel/runtime" "^7.6.2"
      "@react-stately/utils" "^3.5.1"
      "@react-types/checkbox" "^3.3.2"
      "@react-types/shared" "^3.14.0"
  
  "@react-stately/tree@^3.3.2":
    "integrity" "sha512-MqxSABMzykwI6Wj1B7+jBcCoYc0b05CueRTQDyoL+PfVhnV0SzOH6P84UPD+FHlz8x3RG/2hTTmLr4A8McO2nQ=="
    "resolved" "https://registry.npmjs.org/@react-stately/tree/-/tree-3.4.0.tgz"
    "version" "3.4.0"
    dependencies:
      "@babel/runtime" "^7.6.2"
      "@react-stately/collections" "^3.5.0"
      "@react-stately/selection" "^3.11.1"
      "@react-stately/utils" "^3.5.1"
      "@react-types/shared" "^3.16.0"
  
  "@react-stately/tree@3.3.2":
    "integrity" "sha512-goviIXFYZvWJ2FOBQdKHfLwCaFUlhyGCsbX9GB7ziZhm0Ez8iWCzEy1IWoeuPaprBlHIPv6/3XtDi4ZQ52A59g=="
    "resolved" "https://registry.npmjs.org/@react-stately/tree/-/tree-3.3.2.tgz"
    "version" "3.3.2"
    dependencies:
      "@babel/runtime" "^7.6.2"
      "@react-stately/collections" "^3.4.2"
      "@react-stately/selection" "^3.10.2"
      "@react-stately/utils" "^3.5.1"
      "@react-types/shared" "^3.14.0"
  
  "@react-stately/utils@^3.5.1":
    "integrity" "sha512-INeQ5Er2Jm+db8Py4upKBtgfzp3UYgwXYmbU/XJn49Xw27ktuimH9e37qP3bgHaReb5L3g8IrGs38tJUpnGPHA=="
    "resolved" "https://registry.npmjs.org/@react-stately/utils/-/utils-3.5.1.tgz"
    "version" "3.5.1"
    dependencies:
      "@babel/runtime" "^7.6.2"
  
  "@react-stately/virtualizer@^3.2.2", "@react-stately/virtualizer@^3.4.0":
    "integrity" "sha512-Yy5RKlt6W/1+qjJAVHxPJA0RgpN3KNHcSpnFHdus2OuEvylSXZ2kqwflj97Ao4XfNSpDIs4NQS/eOq+mpZlNqQ=="
    "resolved" "https://registry.npmjs.org/@react-stately/virtualizer/-/virtualizer-3.4.0.tgz"
    "version" "3.4.0"
    dependencies:
      "@babel/runtime" "^7.6.2"
      "@react-aria/utils" "^3.14.1"
      "@react-types/shared" "^3.16.0"
  
  "@react-types/button@^3.6.0", "@react-types/button@^3.7.0":
    "integrity" "sha512-81BQO3QxSgF9PTXsVozNdNCKxBOB1lpbCWocV99dN1ws9s8uaYw8pmJJZ0LJKLiOsIECQ/3QrhQjmWTDW/qTug=="
    "resolved" "https://registry.npmjs.org/@react-types/button/-/button-3.7.0.tgz"
    "version" "3.7.0"
    dependencies:
      "@react-types/shared" "^3.16.0"
  
  "@react-types/checkbox@^3.3.2", "@react-types/checkbox@^3.4.1":
    "integrity" "sha512-kDMpy9SntjGQ7x00m5zmW8GENPouOtyiDgiEDKsPXUr2iYqHsNtricqVyG9S9+6hqpzuu8BzTcvZamc/xYjzlg=="
    "resolved" "https://registry.npmjs.org/@react-types/checkbox/-/checkbox-3.4.1.tgz"
    "version" "3.4.1"
    dependencies:
      "@react-types/shared" "^3.16.0"
  
  "@react-types/checkbox@3.3.2":
    "integrity" "sha512-s1bgqL4qfEMEasePayukZ6pzpIzfAG1OuVmpARz0kVdVaN7e+B4+dRJ0nDtiQf/TjNLg45ZlG3NTXJ1hsZPelQ=="
    "resolved" "https://registry.npmjs.org/@react-types/checkbox/-/checkbox-3.3.2.tgz"
    "version" "3.3.2"
    dependencies:
      "@react-types/shared" "^3.14.0"
  
  "@react-types/dialog@^3.4.2":
    "integrity" "sha512-FkxZAYNRWkZVH5rjlw6qyQ/SpoGcYtNI/JQvn1H/xtZy/OJh2b2ERxGWv5x0RItGSeyATdSwFO1Qnf1Kl2K02A=="
    "resolved" "https://registry.npmjs.org/@react-types/dialog/-/dialog-3.4.5.tgz"
    "version" "3.4.5"
    dependencies:
      "@react-types/overlays" "^3.6.5"
      "@react-types/shared" "^3.16.0"
  
  "@react-types/grid@^3.1.2", "@react-types/grid@^3.1.5":
    "integrity" "sha512-KiEywsOJ+wdzLmJerAKEMADdvdItaLfhdo3bFfn1lgNUaKiNDJctDYWlhOYsRePf7MIrzoZuXEFnJj45jfpiOQ=="
    "resolved" "https://registry.npmjs.org/@react-types/grid/-/grid-3.1.5.tgz"
    "version" "3.1.5"
    dependencies:
      "@react-types/shared" "^3.16.0"
  
  "@react-types/grid@3.1.2":
    "integrity" "sha512-9mKhtBZiGlok1APRSR+hTKYFgx8XxRBBLG20/xPI1C8xCGNZvOz7CmK57LmlwYsN1BLo3S2vLOd6+M1qrw2yVg=="
    "resolved" "https://registry.npmjs.org/@react-types/grid/-/grid-3.1.2.tgz"
    "version" "3.1.2"
    dependencies:
      "@react-types/shared" "^3.14.0"
  
  "@react-types/label@^3.6.2", "@react-types/label@^3.7.1":
    "integrity" "sha512-wFpdtjSDBWO4xQQGF57V3PqvVVyE9TPj9ELWLs1yzL09fpXosycuEl5d79RywVlC9aF9dQYUfES09q/DZhRhMQ=="
    "resolved" "https://registry.npmjs.org/@react-types/label/-/label-3.7.1.tgz"
    "version" "3.7.1"
    dependencies:
      "@react-types/shared" "^3.16.0"
  
  "@react-types/link@^3.3.1":
    "integrity" "sha512-wEeYXqzRPwEwU6AakiRfsPrkGxm2l0gjIc992FBmHPz6MWU8eSATTwzeyI668eRzNrQvOBMI7il6lXuxDm1ZLg=="
    "resolved" "https://registry.npmjs.org/@react-types/link/-/link-3.3.5.tgz"
    "version" "3.3.5"
    dependencies:
      "@react-aria/interactions" "^3.13.0"
      "@react-types/shared" "^3.16.0"
  
  "@react-types/menu@^3.7.0", "@react-types/menu@^3.7.3":
    "integrity" "sha512-3Pax24I/FyNKBjKyNR4ePD8eZs35Th57HzJAVjamQg2fHEDRomg9GQ7fdmfGj72Dv3x3JRCoPYqhJ3L5R3kbzg=="
    "resolved" "https://registry.npmjs.org/@react-types/menu/-/menu-3.7.3.tgz"
    "version" "3.7.3"
    dependencies:
      "@react-types/overlays" "^3.6.5"
      "@react-types/shared" "^3.16.0"
  
  "@react-types/menu@3.7.0":
    "integrity" "sha512-1kEyyb0tERlPdZ67lsC2fMZ2TTh0OdS1hcb01PrSkGna/S+H/Q9M65Xc+q9eu7QoC4+DN4Flh/7vNRT82kVlHg=="
    "resolved" "https://registry.npmjs.org/@react-types/menu/-/menu-3.7.0.tgz"
    "version" "3.7.0"
    dependencies:
      "@react-types/overlays" "^3.6.2"
      "@react-types/shared" "^3.14.0"
  
  "@react-types/overlays@^3.6.2", "@react-types/overlays@^3.6.5":
    "integrity" "sha512-IeWcF+YTucCYYHagNh8fZLH6R4YUONO1VHY57WJyIHwMy0qgEaKSQCwq72VO1fQJ0ySZgOgm31FniOyKkg6+eQ=="
    "resolved" "https://registry.npmjs.org/@react-types/overlays/-/overlays-3.6.5.tgz"
    "version" "3.6.5"
    dependencies:
      "@react-types/shared" "^3.16.0"
  
  "@react-types/overlays@3.6.2":
    "integrity" "sha512-ag9UCIlcNCvMHBORRksdLnQK3ef+CEbrt+TydOxBAxAf+87fXJ/0H6hP/4QTebEA2ixA0qz8CFga81S8ZGnOsQ=="
    "resolved" "https://registry.npmjs.org/@react-types/overlays/-/overlays-3.6.2.tgz"
    "version" "3.6.2"
    dependencies:
      "@react-types/shared" "^3.14.0"
  
  "@react-types/radio@^3.2.2", "@react-types/radio@^3.3.1":
    "integrity" "sha512-q/x0kMvBsu6mH4bIkp/Jjrm9ff5y/p3UR0V4CmQFI7604gQd2Dt1dZMU/2HV9x70r1JfWRrDeRrVjUHVfFL5Vg=="
    "resolved" "https://registry.npmjs.org/@react-types/radio/-/radio-3.3.1.tgz"
    "version" "3.3.1"
    dependencies:
      "@react-types/shared" "^3.16.0"
  
  "@react-types/shared@^3.13.1", "@react-types/shared@^3.14.0", "@react-types/shared@^3.16.0":
    "integrity" "sha512-IQgU4oAEvMwylEvaTsr2XB1G/mAoMe1JFYLD6G78v++oAR9l8o9MQxZ0YSeANDkqTamb2gKezGoT1RxvSKjVxw=="
    "resolved" "https://registry.npmjs.org/@react-types/shared/-/shared-3.16.0.tgz"
    "version" "3.16.0"
  
  "@react-types/shared@3.14.0":
    "integrity" "sha512-K069Bh/P0qV3zUG8kqabeO8beAUlFdyVPvpcNVPjRl+0Q9NDS9mfdQbmUa0LqdVo5e6jRPdos77Ylflkrz8wcw=="
    "resolved" "https://registry.npmjs.org/@react-types/shared/-/shared-3.14.0.tgz"
    "version" "3.14.0"
  
  "@react-types/switch@^3.2.5":
    "integrity" "sha512-DlUL0Bz79SUTRje/i8m6qn4Ipn+q8QnyIkyJhkoHeH1R0YNude8xZrBPWbj3zfdddAGDFSF1NzP69q0xmNAcTQ=="
    "resolved" "https://registry.npmjs.org/@react-types/switch/-/switch-3.2.5.tgz"
    "version" "3.2.5"
    dependencies:
      "@react-types/checkbox" "^3.4.1"
      "@react-types/shared" "^3.16.0"
  
  "@react-types/table@^3.3.0", "@react-types/table@^3.3.3":
    "integrity" "sha512-rdY8PCzdqumVd6EFgN4NCoNRHdU4dVKH2oufr50TrAVPAz2KyoNXaGcDGe0q4RjQeTk+fc0sCvRZZdpMwHRVpQ=="
    "resolved" "https://registry.npmjs.org/@react-types/table/-/table-3.3.3.tgz"
    "version" "3.3.3"
    dependencies:
      "@react-types/grid" "^3.1.5"
      "@react-types/shared" "^3.16.0"
  
  "@restart/hooks@^0.4.6", "@restart/hooks@^0.4.7":
    "integrity" "sha512-ZbjlEHcG+FQtpDPHd7i4FzNNvJf2enAwZfJbpM8CW7BhmOAbsHpZe3tsHwfQUrBuyrxWqPYp2x5UMnilWcY22A=="
    "resolved" "https://registry.npmjs.org/@restart/hooks/-/hooks-0.4.7.tgz"
    "version" "0.4.7"
    dependencies:
      "dequal" "^2.0.2"
  
  "@restart/ui@^1.4.1":
    "integrity" "sha512-J7wFOx2DcmkBqCqiZgDsggLO7faiNh4Nv1/v80FmbRgP+MYpwaVDKKXLC69DA4+ejgNIsBP5ORtC74EZqO1j8A=="
    "resolved" "https://registry.npmjs.org/@restart/ui/-/ui-1.4.1.tgz"
    "version" "1.4.1"
    dependencies:
      "@babel/runtime" "^7.18.3"
      "@popperjs/core" "^2.11.5"
      "@react-aria/ssr" "^3.2.0"
      "@restart/hooks" "^0.4.7"
      "@types/warning" "^3.0.0"
      "dequal" "^2.0.2"
      "dom-helpers" "^5.2.0"
      "uncontrollable" "^7.2.1"
      "warning" "^4.0.3"
  
  "@stitches/react@1.2.8":
    "integrity" "sha512-9g9dWI4gsSVe8bNLlb+lMkBYsnIKCZTmvqvDG+Avnn69XfmHZKiaMrx7cgTaddq7aTPPmXiTsbFcUy0xgI4+wA=="
    "resolved" "https://registry.npmjs.org/@stitches/react/-/react-1.2.8.tgz"
    "version" "1.2.8"
  
  "@swc/helpers@0.4.14":
    "integrity" "sha512-4C7nX/dvpzB7za4Ql9K81xK3HPxCpHMgwTZVyf+9JQ6VUbn9jjZVN7/Nkdz/Ugzs2CSjqnL/UPXroiVBVHUWUw=="
    "resolved" "https://registry.npmjs.org/@swc/helpers/-/helpers-0.4.14.tgz"
    "version" "0.4.14"
    dependencies:
      "tslib" "^2.4.0"
  
  "@types/parse-json@^4.0.0":
    "integrity" "sha512-//oorEZjL6sbPcKUaCdIGlIUeH26mgzimjBB77G6XRgnDl/L5wOnpyBGRe/Mmf5CVW3PwEBE1NjiMZ/ssFh4wA=="
    "resolved" "https://registry.npmjs.org/@types/parse-json/-/parse-json-4.0.0.tgz"
    "version" "4.0.0"
  
  "@types/prop-types@*", "@types/prop-types@^15.7.5":
    "integrity" "sha512-JCB8C6SnDoQf0cNycqd/35A7MjcnK+ZTqE7judS6o7utxUCg6imJg3QK2qzHKszlTjcj2cn+NwMB2i96ubpj7w=="
    "resolved" "https://registry.npmjs.org/@types/prop-types/-/prop-types-15.7.5.tgz"
    "version" "15.7.5"
  
  "@types/react-is@^16.7.1 || ^17.0.0":
    "integrity" "sha512-aBTIWg1emtu95bLTLx0cpkxwGW3ueZv71nE2YFBpL8k/z5czEW8yYpOo8Dp+UUAFAtKwNaOsh/ioSeQnWlZcfw=="
    "resolved" "https://registry.npmjs.org/@types/react-is/-/react-is-17.0.3.tgz"
    "version" "17.0.3"
    dependencies:
      "@types/react" "*"
  
  "@types/react-transition-group@^4.4.4", "@types/react-transition-group@^4.4.5":
    "integrity" "sha512-juKD/eiSM3/xZYzjuzH6ZwpP+/lejltmiS3QEzV/vmb/Q8+HfDmxu+Baga8UEMGBqV88Nbg4l2hY/K2DkyaLLA=="
    "resolved" "https://registry.npmjs.org/@types/react-transition-group/-/react-transition-group-4.4.5.tgz"
    "version" "4.4.5"
    dependencies:
      "@types/react" "*"
  
  "@types/react@*", "@types/react@^17.0.0 || ^18.0.0", "@types/react@>=16.14.8", "@types/react@>=16.9.11":
    "integrity" "sha512-hCR3PJQsAIXyxhTNSiDFY//LhnMZWpNNr5etoCqx/iUfGc5gXWtQR2Phl908jVR6uPXacojQWTg4qRpkxTuGug=="
    "resolved" "https://registry.npmjs.org/@types/react/-/react-18.0.26.tgz"
    "version" "18.0.26"
    dependencies:
      "@types/prop-types" "*"
      "@types/scheduler" "*"
      "csstype" "^3.0.2"
  
  "@types/scheduler@*":
    "integrity" "sha512-hppQEBDmlwhFAXKJX2KnWLYu5yMfi91yazPb2l+lbJiwW+wdo1gNeRA+3RgNSO39WYX2euey41KEwnqesU2Jew=="
    "resolved" "https://registry.npmjs.org/@types/scheduler/-/scheduler-0.16.2.tgz"
    "version" "0.16.2"
  
  "@types/warning@^3.0.0":
    "integrity" "sha512-t/Tvs5qR47OLOr+4E9ckN8AmP2Tf16gWq+/qA4iUGS/OOyHVO8wv2vjJuX8SNOUTJyWb+2t7wJm6cXILFnOROA=="
    "resolved" "https://registry.npmjs.org/@types/warning/-/warning-3.0.0.tgz"
    "version" "3.0.0"
  
  "ansi-styles@^3.2.1":
    "integrity" "sha512-VT0ZI6kZRdTh8YyJw3SMbYm/u+NqfsAxEpWO0Pf9sq8/e94WxxOpPKx9FR1FlyCtOVDNOQ+8ntlqFxiRc+r5qA=="
    "resolved" "https://registry.npmjs.org/ansi-styles/-/ansi-styles-3.2.1.tgz"
    "version" "3.2.1"
    dependencies:
      "color-convert" "^1.9.0"
  
  "anymatch@~3.1.2":
    "integrity" "sha512-KMReFUr0B4t+D+OBkjR3KYqvocp2XaSzO55UcB6mgQMd3KbcE+mWTyvVV7D/zsdEbNnV6acZUutkiHQXvTr1Rw=="
    "resolved" "https://registry.npmjs.org/anymatch/-/anymatch-3.1.3.tgz"
    "version" "3.1.3"
    dependencies:
      "normalize-path" "^3.0.0"
      "picomatch" "^2.0.4"
  
  "babel-plugin-macros@^3.1.0":
    "integrity" "sha512-Cg7TFGpIr01vOQNODXOOaGz2NpCU5gl8x1qJFbb6hbZxR7XrcE2vtbAsTAbJ7/xwJtUuJEw8K8Zr/AE0LHlesg=="
    "resolved" "https://registry.npmjs.org/babel-plugin-macros/-/babel-plugin-macros-3.1.0.tgz"
    "version" "3.1.0"
    dependencies:
      "@babel/runtime" "^7.12.5"
      "cosmiconfig" "^7.0.0"
      "resolve" "^1.19.0"
  
  "binary-extensions@^2.0.0":
    "integrity" "sha512-jDctJ/IVQbZoJykoeHbhXpOlNBqGNcwXJKJog42E5HDPUwQTSdjCHdihjj0DlnheQ7blbT6dHOafNAiS8ooQKA=="
    "resolved" "https://registry.npmjs.org/binary-extensions/-/binary-extensions-2.2.0.tgz"
    "version" "2.2.0"
  
  "bootstrap@^5.2.3":
    "integrity" "sha512-cEKPM+fwb3cT8NzQZYEu4HilJ3anCrWqh3CHAok1p9jXqMPsPTBhU25fBckEJHJ/p+tTxTFTsFQGM+gaHpi3QQ=="
    "resolved" "https://registry.npmjs.org/bootstrap/-/bootstrap-5.2.3.tgz"
    "version" "5.2.3"
  
  "braces@~3.0.2":
    "integrity" "sha512-b8um+L1RzM3WDSzvhm6gIz1yfTbBt6YTlcEKAvsmqCZZFw46z626lVj9j1yEPW33H5H+lBQpZMP1k8l+78Ha0A=="
    "resolved" "https://registry.npmjs.org/braces/-/braces-3.0.2.tgz"
    "version" "3.0.2"
    dependencies:
      "fill-range" "^7.0.1"
  
  "callsites@^3.0.0":
    "integrity" "sha512-P8BjAsXvZS+VIDUI11hHCQEv74YT67YUi5JJFNWIqL235sBmjX4+qx9Muvls5ivyNENctx46xQLQ3aTuE7ssaQ=="
    "resolved" "https://registry.npmjs.org/callsites/-/callsites-3.1.0.tgz"
    "version" "3.1.0"
  
  "caniuse-lite@^1.0.30001406":
    "integrity" "sha512-1MgUzEkoMO6gKfXflStpYgZDlFM7M/ck/bgfVCACO5vnAf0fXoNVHdWtqGU+MYca+4bL9Z5bpOVmR33cWW9G2A=="
    "resolved" "https://registry.npmjs.org/caniuse-lite/-/caniuse-lite-1.0.30001439.tgz"
    "version" "1.0.30001439"
  
  "chalk@^2.0.0":
    "integrity" "sha512-Mti+f9lpJNcwF4tWV8/OrTTtF1gZi+f8FqlyAdouralcFWFQWF2+NgCHShjkCb+IFBLq9buZwE1xckQU4peSuQ=="
    "resolved" "https://registry.npmjs.org/chalk/-/chalk-2.4.2.tgz"
    "version" "2.4.2"
    dependencies:
      "ansi-styles" "^3.2.1"
      "escape-string-regexp" "^1.0.5"
      "supports-color" "^5.3.0"
  
  "chokidar@>=3.0.0 <4.0.0":
    "integrity" "sha512-Dr3sfKRP6oTcjf2JmUmFJfeVMvXBdegxB0iVQ5eb2V10uFJUCAS8OByZdVAyVb8xXNz3GjjTgj9kLWsZTqE6kw=="
    "resolved" "https://registry.npmjs.org/chokidar/-/chokidar-3.5.3.tgz"
    "version" "3.5.3"
    dependencies:
      "anymatch" "~3.1.2"
      "braces" "~3.0.2"
      "glob-parent" "~5.1.2"
      "is-binary-path" "~2.1.0"
      "is-glob" "~4.0.1"
      "normalize-path" "~3.0.0"
      "readdirp" "~3.6.0"
    optionalDependencies:
      "fsevents" "~2.3.2"
  
  "classnames@^2.3.1":
    "integrity" "sha512-CSbhY4cFEJRe6/GQzIk5qXZ4Jeg5pcsP7b5peFSDpffpe1cqjASH/n9UTjBwOp6XpMSTwQ8Za2K5V02ueA7Tmw=="
    "resolved" "https://registry.npmjs.org/classnames/-/classnames-2.3.2.tgz"
    "version" "2.3.2"
  
  "client-only@0.0.1":
    "integrity" "sha512-IV3Ou0jSMzZrd3pZ48nLkT9DA7Ag1pnPzaiQhpW7c3RbcqqzvzzVu+L8gfqMp/8IM2MQtSiqaCxrrcfu8I8rMA=="
    "resolved" "https://registry.npmjs.org/client-only/-/client-only-0.0.1.tgz"
    "version" "0.0.1"
  
  "clsx@^1.1.1", "clsx@^1.2.1":
    "integrity" "sha512-EcR6r5a8bj6pu3ycsa/E/cKVGuTgZJZdsyUYHOksG/UHIiKfjxzRxYJpyVBwYaQeOvghal9fcc4PidlgzugAQg=="
    "resolved" "https://registry.npmjs.org/clsx/-/clsx-1.2.1.tgz"
    "version" "1.2.1"
  
  "color-convert@^1.9.0":
    "integrity" "sha512-QfAUtd+vFdAtFQcC8CCyYt1fYWxSqAiK2cSD6zDB8N3cpsEBAvRxp9zOGg6G/SHHJYAT88/az/IuDGALsNVbGg=="
    "resolved" "https://registry.npmjs.org/color-convert/-/color-convert-1.9.3.tgz"
    "version" "1.9.3"
    dependencies:
      "color-name" "1.1.3"
  
  "color-name@1.1.3":
    "integrity" "sha512-72fSenhMw2HZMTVHeCA9KCmpEIbzWiQsjN+BHcBbS9vr1mtt+vJjPdksIBNUmKAW8TFUDPJK5SUU3QhE9NEXDw=="
    "resolved" "https://registry.npmjs.org/color-name/-/color-name-1.1.3.tgz"
    "version" "1.1.3"
  
  "convert-source-map@^1.5.0":
    "integrity" "sha512-ASFBup0Mz1uyiIjANan1jzLQami9z1PoYSZCiiYW2FczPbenXc45FZdBZLzOT+r6+iciuEModtmCti+hjaAk0A=="
    "resolved" "https://registry.npmjs.org/convert-source-map/-/convert-source-map-1.9.0.tgz"
    "version" "1.9.0"
  
  "cosmiconfig@^7.0.0":
    "integrity" "sha512-AdmX6xUzdNASswsFtmwSt7Vj8po9IuqXm0UXz7QKPuEUmPB4XyjGfaAr2PSuELMwkRMVH1EpIkX5bTZGRB3eCA=="
    "resolved" "https://registry.npmjs.org/cosmiconfig/-/cosmiconfig-7.1.0.tgz"
    "version" "7.1.0"
    dependencies:
      "@types/parse-json" "^4.0.0"
      "import-fresh" "^3.2.1"
      "parse-json" "^5.0.0"
      "path-type" "^4.0.0"
      "yaml" "^1.10.0"
  
  "csstype@^3.0.2", "csstype@^3.1.1":
    "integrity" "sha512-DJR/VvkAvSZW9bTouZue2sSxDwdTN92uHjqeKVm+0dAqdfNykRzQ95tay8aXMBAAPpUiq4Qcug2L7neoRh2Egw=="
    "resolved" "https://registry.npmjs.org/csstype/-/csstype-3.1.1.tgz"
    "version" "3.1.1"
  
  "dequal@^2.0.2":
    "integrity" "sha512-0je+qPKHEMohvfRTCEo3CrPG6cAzAYgmzKyxRiYSSDkS6eGJdyVJm7WaYA5ECaAD9wLB2T4EEeymA5aFVcYXCA=="
    "resolved" "https://registry.npmjs.org/dequal/-/dequal-2.0.3.tgz"
    "version" "2.0.3"
  
  "dom-helpers@^5.0.1", "dom-helpers@^5.2.0", "dom-helpers@^5.2.1":
    "integrity" "sha512-nRCa7CK3VTrM2NmGkIy4cbK7IZlgBE/PYMn55rrXefr5xXDP0LdtfPnblFDoVdcAfslJ7or6iqAUnx0CCGIWQA=="
    "resolved" "https://registry.npmjs.org/dom-helpers/-/dom-helpers-5.2.1.tgz"
    "version" "5.2.1"
    dependencies:
      "@babel/runtime" "^7.8.7"
      "csstype" "^3.0.2"
  
  "error-ex@^1.3.1":
    "integrity" "sha512-7dFHNmqeFSEt2ZBsCriorKnn3Z2pj+fd9kmI6QoWw4//DL+icEBfc0U7qJCisqrTsKTjw4fNFy2pW9OqStD84g=="
    "resolved" "https://registry.npmjs.org/error-ex/-/error-ex-1.3.2.tgz"
    "version" "1.3.2"
    dependencies:
      "is-arrayish" "^0.2.1"
  
  "escape-string-regexp@^1.0.5":
    "integrity" "sha512-vbRorB5FUQWvla16U8R/qgaFIya2qGzwDrNmCZuYKrbdSUMG6I1ZCGQRefkRVhuOkIGVne7BQ35DSfo1qvJqFg=="
    "resolved" "https://registry.npmjs.org/escape-string-regexp/-/escape-string-regexp-1.0.5.tgz"
    "version" "1.0.5"
  
  "escape-string-regexp@^4.0.0":
    "integrity" "sha512-TtpcNJ3XAzx3Gq8sWRzJaVajRs0uVxA2YAkdb1jm2YkPz4G6egUFAyA3n5vtEIZefPk5Wa4UXbKuS5fKkJWdgA=="
    "resolved" "https://registry.npmjs.org/escape-string-regexp/-/escape-string-regexp-4.0.0.tgz"
    "version" "4.0.0"
  
  "fill-range@^7.0.1":
    "integrity" "sha512-qOo9F+dMUmC2Lcb4BbVvnKJxTPjCm+RRpe4gDuGrzkL7mEVl/djYSu2OdQ2Pa302N4oqkSg9ir6jaLWJ2USVpQ=="
    "resolved" "https://registry.npmjs.org/fill-range/-/fill-range-7.0.1.tgz"
    "version" "7.0.1"
    dependencies:
      "to-regex-range" "^5.0.1"
  
  "find-root@^1.1.0":
    "integrity" "sha512-NKfW6bec6GfKc0SGx1e07QZY9PE99u0Bft/0rzSD5k3sO/vwkVUpDUKVm5Gpp5Ue3YfShPFTX2070tDs5kB9Ng=="
    "resolved" "https://registry.npmjs.org/find-root/-/find-root-1.1.0.tgz"
    "version" "1.1.0"
  
  "function-bind@^1.1.1":
    "integrity" "sha512-yIovAzMX49sF8Yl58fSCWJ5svSLuaibPxXQJFLmBObTuCr0Mf1KiPopGM9NiFjiYBCbfaa2Fh6breQ6ANVTI0A=="
    "resolved" "https://registry.npmjs.org/function-bind/-/function-bind-1.1.1.tgz"
    "version" "1.1.1"
  
  "glob-parent@~5.1.2":
    "integrity" "sha512-AOIgSQCepiJYwP3ARnGx+5VnTu2HBYdzbGP45eLw1vr3zB3vZLeyed1sC9hnbcOc9/SrMyM5RPQrkGz4aS9Zow=="
    "resolved" "https://registry.npmjs.org/glob-parent/-/glob-parent-5.1.2.tgz"
    "version" "5.1.2"
    dependencies:
      "is-glob" "^4.0.1"
  
  "has-flag@^3.0.0":
    "integrity" "sha512-sKJf1+ceQBr4SMkvQnBDNDtf4TXpVhVGateu0t918bl30FnbE2m4vNLX+VWe/dpjlb+HugGYzW7uQXH98HPEYw=="
    "resolved" "https://registry.npmjs.org/has-flag/-/has-flag-3.0.0.tgz"
    "version" "3.0.0"
  
  "has@^1.0.3":
    "integrity" "sha512-f2dvO0VU6Oej7RkWJGrehjbzMAjFp5/VKPp5tTpWIV4JHHZK1/BxbFRtf/siA2SWTe09caDmVtYYzWEIbBS4zw=="
    "resolved" "https://registry.npmjs.org/has/-/has-1.0.3.tgz"
    "version" "1.0.3"
    dependencies:
      "function-bind" "^1.1.1"
  
  "hoist-non-react-statics@^3.3.1":
    "integrity" "sha512-/gGivxi8JPKWNm/W0jSmzcMPpfpPLc3dY/6GxhX2hQ9iGj3aDfklV4ET7NjKpSinLpJ5vafa9iiGIEZg10SfBw=="
    "resolved" "https://registry.npmjs.org/hoist-non-react-statics/-/hoist-non-react-statics-3.3.2.tgz"
    "version" "3.3.2"
    dependencies:
      "react-is" "^16.7.0"
  
  "immutable@^4.0.0":
    "integrity" "sha512-oNkuqVTA8jqG1Q6c+UglTOD1xhC1BtjKI7XkCXRkZHrN5m18/XsnUp8Q89GkQO/z+0WjonSvl0FLhDYftp46nQ=="
    "resolved" "https://registry.npmjs.org/immutable/-/immutable-4.1.0.tgz"
    "version" "4.1.0"
  
  "import-fresh@^3.2.1":
    "integrity" "sha512-veYYhQa+D1QBKznvhUHxb8faxlrwUnxseDAbAp457E0wLNio2bOSKnjYDhMj+YiAq61xrMGhQk9iXVk5FzgQMw=="
    "resolved" "https://registry.npmjs.org/import-fresh/-/import-fresh-3.3.0.tgz"
    "version" "3.3.0"
    dependencies:
      "parent-module" "^1.0.0"
      "resolve-from" "^4.0.0"
  
  "intl-messageformat@^10.1.0":
    "integrity" "sha512-AievYMN6WLLHwBeCTv4aRKG+w3ZNyZtkObwgsKk3Q7GNTq8zDRvDbJSBQkb2OPeVCcAKcIXvak9FF/bRNavoww=="
    "resolved" "https://registry.npmjs.org/intl-messageformat/-/intl-messageformat-10.2.5.tgz"
    "version" "10.2.5"
    dependencies:
      "@formatjs/ecma402-abstract" "1.14.3"
      "@formatjs/fast-memoize" "1.2.7"
      "@formatjs/icu-messageformat-parser" "2.1.14"
      "tslib" "^2.4.0"
  
  "invariant@^2.2.4":
    "integrity" "sha512-phJfQVBuaJM5raOpJjSfkiD6BpbCE4Ns//LaXl6wGYtUBY83nWS6Rf9tXm2e8VaK60JEjYldbPif/A2B1C2gNA=="
    "resolved" "https://registry.npmjs.org/invariant/-/invariant-2.2.4.tgz"
    "version" "2.2.4"
    dependencies:
      "loose-envify" "^1.0.0"
  
  "is-arrayish@^0.2.1":
    "integrity" "sha512-zz06S8t0ozoDXMG+ube26zeCTNXcKIPJZJi8hBrF4idCLms4CG9QtK7qBl1boi5ODzFpjswb5JPmHCbMpjaYzg=="
    "resolved" "https://registry.npmjs.org/is-arrayish/-/is-arrayish-0.2.1.tgz"
    "version" "0.2.1"
  
  "is-binary-path@~2.1.0":
    "integrity" "sha512-ZMERYes6pDydyuGidse7OsHxtbI7WVeUEozgR/g7rd0xUimYNlvZRE/K2MgZTjWy725IfelLeVcEM97mmtRGXw=="
    "resolved" "https://registry.npmjs.org/is-binary-path/-/is-binary-path-2.1.0.tgz"
    "version" "2.1.0"
    dependencies:
      "binary-extensions" "^2.0.0"
  
  "is-core-module@^2.9.0":
    "integrity" "sha512-RRjxlvLDkD1YJwDbroBHMb+cukurkDWNyHx7D3oNB5x9rb5ogcksMC5wHCadcXoo67gVr/+3GFySh3134zi6rw=="
    "resolved" "https://registry.npmjs.org/is-core-module/-/is-core-module-2.11.0.tgz"
    "version" "2.11.0"
    dependencies:
      "has" "^1.0.3"
  
  "is-extglob@^2.1.1":
    "integrity" "sha512-SbKbANkN603Vi4jEZv49LeVJMn4yGwsbzZworEoyEiutsN3nJYdbO36zfhGJ6QEDpOZIFkDtnq5JRxmvl3jsoQ=="
    "resolved" "https://registry.npmjs.org/is-extglob/-/is-extglob-2.1.1.tgz"
    "version" "2.1.1"
  
  "is-glob@^4.0.1", "is-glob@~4.0.1":
    "integrity" "sha512-xelSayHH36ZgE7ZWhli7pW34hNbNl8Ojv5KVmkJD4hBdD3th8Tfk9vYasLM+mXWOZhFkgZfxhLSnrwRr4elSSg=="
    "resolved" "https://registry.npmjs.org/is-glob/-/is-glob-4.0.3.tgz"
    "version" "4.0.3"
    dependencies:
      "is-extglob" "^2.1.1"
  
  "is-number@^7.0.0":
    "integrity" "sha512-41Cifkg6e8TylSpdtTpeLVMqvSBEVzTttHvERD741+pnZ8ANv0004MRL43QKPDlK9cGvNp6NZWZUBlbGXYxxng=="
    "resolved" "https://registry.npmjs.org/is-number/-/is-number-7.0.0.tgz"
    "version" "7.0.0"
  
  "js-tokens@^3.0.0 || ^4.0.0", "js-tokens@^4.0.0":
    "integrity" "sha512-RdJUflcE3cUzKiMqQgsCu06FPu9UdIJO0beYbPhHN4k6apgJtifcoCtT9bcxOpYBtpD2kCM6Sbzg4CausW/PKQ=="
    "resolved" "https://registry.npmjs.org/js-tokens/-/js-tokens-4.0.0.tgz"
    "version" "4.0.0"
  
  "json-parse-even-better-errors@^2.3.0":
    "integrity" "sha512-xyFwyhro/JEof6Ghe2iz2NcXoj2sloNsWr/XsERDK/oiPCfaNhl5ONfp+jQdAZRQQ0IJWNzH9zIZF7li91kh2w=="
    "resolved" "https://registry.npmjs.org/json-parse-even-better-errors/-/json-parse-even-better-errors-2.3.1.tgz"
    "version" "2.3.1"
  
  "lines-and-columns@^1.1.6":
    "integrity" "sha512-7ylylesZQ/PV29jhEDl3Ufjo6ZX7gCqJr5F7PKrqc93v7fzSymt1BpwEU8nAUXs8qzzvqhbjhK5QZg6Mt/HkBg=="
    "resolved" "https://registry.npmjs.org/lines-and-columns/-/lines-and-columns-1.2.4.tgz"
    "version" "1.2.4"
  
  "loose-envify@^1.0.0", "loose-envify@^1.1.0", "loose-envify@^1.4.0":
    "integrity" "sha512-lyuxPGr/Wfhrlem2CL/UcnUc1zcqKAImBDzukY7Y5F/yQiNdko6+fRLevlw1HgMySw7f611UIY408EtxRSoK3Q=="
    "resolved" "https://registry.npmjs.org/loose-envify/-/loose-envify-1.4.0.tgz"
    "version" "1.4.0"
    dependencies:
      "js-tokens" "^3.0.0 || ^4.0.0"
  
  "nanoid@^3.3.4":
    "integrity" "sha512-MqBkQh/OHTS2egovRtLk45wEyNXwF+cokD+1YPf9u5VfJiRdAiRwB2froX5Co9Rh20xs4siNPm8naNotSD6RBw=="
    "resolved" "https://registry.npmjs.org/nanoid/-/nanoid-3.3.4.tgz"
    "version" "3.3.4"
  
  "next-themes@^0.2.1":
    "integrity" "sha512-B+AKNfYNIzh0vqQQKqQItTS8evEouKD7H5Hj3kmuPERwddR2TxvDSFZuTj6T7Jfn1oyeUyJMydPl1Bkxkh0W7A=="
    "resolved" "https://registry.npmjs.org/next-themes/-/next-themes-0.2.1.tgz"
    "version" "0.2.1"
  
  "next@*", "next@13.0.6":
    "integrity" "sha512-COvigvms2LRt1rrzfBQcMQ2GZd86Mvk1z+LOLY5pniFtL4VrTmhZ9salrbKfSiXbhsD01TrDdD68ec3ABDyscA=="
    "resolved" "https://registry.npmjs.org/next/-/next-13.0.6.tgz"
    "version" "13.0.6"
    dependencies:
      "@next/env" "13.0.6"
      "@swc/helpers" "0.4.14"
      "caniuse-lite" "^1.0.30001406"
      "postcss" "8.4.14"
      "styled-jsx" "5.1.0"
    optionalDependencies:
      "@next/swc-android-arm-eabi" "13.0.6"
      "@next/swc-android-arm64" "13.0.6"
      "@next/swc-darwin-arm64" "13.0.6"
      "@next/swc-darwin-x64" "13.0.6"
      "@next/swc-freebsd-x64" "13.0.6"
      "@next/swc-linux-arm-gnueabihf" "13.0.6"
      "@next/swc-linux-arm64-gnu" "13.0.6"
      "@next/swc-linux-arm64-musl" "13.0.6"
      "@next/swc-linux-x64-gnu" "13.0.6"
      "@next/swc-linux-x64-musl" "13.0.6"
      "@next/swc-win32-arm64-msvc" "13.0.6"
      "@next/swc-win32-ia32-msvc" "13.0.6"
      "@next/swc-win32-x64-msvc" "13.0.6"
  
  "normalize-path@^3.0.0", "normalize-path@~3.0.0":
    "integrity" "sha512-6eZs5Ls3WtCisHWp9S2GUy8dqkpGi4BVSz3GaqiE6ezub0512ESztXUwUB6C6IKbQkY2Pnb/mD4WYojCRwcwLA=="
    "resolved" "https://registry.npmjs.org/normalize-path/-/normalize-path-3.0.0.tgz"
    "version" "3.0.0"
  
  "object-assign@^4.1.1":
    "integrity" "sha512-rJgTQnkUnH1sFw8yT6VSU3zD3sWmu6sZhIseY8VX+GRu3P6F7Fu+JNDoXfklElbLJSnc3FUQHVe4cU5hj+BcUg=="
    "resolved" "https://registry.npmjs.org/object-assign/-/object-assign-4.1.1.tgz"
    "version" "4.1.1"
  
  "parent-module@^1.0.0":
    "integrity" "sha512-GQ2EWRpQV8/o+Aw8YqtfZZPfNRWZYkbidE9k5rpl/hC3vtHHBfGm2Ifi6qWV+coDGkrUKZAxE3Lot5kcsRlh+g=="
    "resolved" "https://registry.npmjs.org/parent-module/-/parent-module-1.0.1.tgz"
    "version" "1.0.1"
    dependencies:
      "callsites" "^3.0.0"
  
  "parse-json@^5.0.0":
    "integrity" "sha512-ayCKvm/phCGxOkYRSCM82iDwct8/EonSEgCSxWxD7ve6jHggsFl4fZVQBPRNgQoKiuV/odhFrGzQXZwbifC8Rg=="
    "resolved" "https://registry.npmjs.org/parse-json/-/parse-json-5.2.0.tgz"
    "version" "5.2.0"
    dependencies:
      "@babel/code-frame" "^7.0.0"
      "error-ex" "^1.3.1"
      "json-parse-even-better-errors" "^2.3.0"
      "lines-and-columns" "^1.1.6"
  
  "path-parse@^1.0.7":
    "integrity" "sha512-LDJzPVEEEPR+y48z93A0Ed0yXb8pAByGWo/k5YYdYgpY2/2EsOsksJrq7lOHxryrVOn1ejG6oAp8ahvOIQD8sw=="
    "resolved" "https://registry.npmjs.org/path-parse/-/path-parse-1.0.7.tgz"
    "version" "1.0.7"
  
  "path-type@^4.0.0":
    "integrity" "sha512-gDKb8aZMDeD/tZWs9P6+q0J9Mwkdl6xMV8TjnGP3qJVJ06bdMgkbBlLU8IdfOsIsFz2BW1rNVT3XuNEl8zPAvw=="
    "resolved" "https://registry.npmjs.org/path-type/-/path-type-4.0.0.tgz"
    "version" "4.0.0"
  
  "picocolors@^1.0.0":
    "integrity" "sha512-1fygroTLlHu66zi26VoTDv8yRgm0Fccecssto+MhsZ0D/DGW2sm8E8AjW7NU5VVTRt5GxbeZ5qBuJr+HyLYkjQ=="
    "resolved" "https://registry.npmjs.org/picocolors/-/picocolors-1.0.0.tgz"
    "version" "1.0.0"
  
  "picomatch@^2.0.4", "picomatch@^2.2.1":
    "integrity" "sha512-JU3teHTNjmE2VCGFzuY8EXzCDVwEqB2a8fsIvwaStHhAWJEeVd1o1QD80CU6+ZdEXXSLbSsuLwJjkCBWqRQUVA=="
    "resolved" "https://registry.npmjs.org/picomatch/-/picomatch-2.3.1.tgz"
    "version" "2.3.1"
  
  "postcss@8.4.14":
    "integrity" "sha512-E398TUmfAYFPBSdzgeieK2Y1+1cpdxJx8yXbK/m57nRhKSmk1GB2tO4lbLBtlkfPQTDKfe4Xqv1ASWPpayPEig=="
    "resolved" "https://registry.npmjs.org/postcss/-/postcss-8.4.14.tgz"
    "version" "8.4.14"
    dependencies:
      "nanoid" "^3.3.4"
      "picocolors" "^1.0.0"
      "source-map-js" "^1.0.2"
  
  "prop-types-extra@^1.1.0":
    "integrity" "sha512-59+AHNnHYCdiC+vMwY52WmvP5dM3QLeoumYuEyceQDi9aEhtwN9zIQ2ZNo25sMyXnbh32h+P1ezDsUpUH3JAew=="
    "resolved" "https://registry.npmjs.org/prop-types-extra/-/prop-types-extra-1.1.1.tgz"
    "version" "1.1.1"
    dependencies:
      "react-is" "^16.3.2"
      "warning" "^4.0.0"
  
  "prop-types@^15.6.2", "prop-types@^15.8.1":
    "integrity" "sha512-oj87CgZICdulUohogVAR7AjlC0327U4el4L6eAvOqCeudMDVU0NThNaV+b9Df4dXgSP1gXMTnPdhfe/2qDH5cg=="
    "resolved" "https://registry.npmjs.org/prop-types/-/prop-types-15.8.1.tgz"
    "version" "15.8.1"
    dependencies:
      "loose-envify" "^1.4.0"
      "object-assign" "^4.1.1"
      "react-is" "^16.13.1"
  
  "react-bootstrap@^2.7.0":
    "integrity" "sha512-Jcrn6aUuRVBeSB6dzKODKZU1TONOdhAxu0IDm4Sv74SJUm98dMdhSotF2SNvFEADANoR+stV+7TK6SNX1wWu5w=="
    "resolved" "https://registry.npmjs.org/react-bootstrap/-/react-bootstrap-2.7.0.tgz"
    "version" "2.7.0"
    dependencies:
      "@babel/runtime" "^7.17.2"
      "@restart/hooks" "^0.4.6"
      "@restart/ui" "^1.4.1"
      "@types/react-transition-group" "^4.4.4"
      "classnames" "^2.3.1"
      "dom-helpers" "^5.2.1"
      "invariant" "^2.2.4"
      "prop-types" "^15.8.1"
      "prop-types-extra" "^1.1.0"
      "react-transition-group" "^4.4.2"
      "uncontrollable" "^7.2.1"
      "warning" "^4.0.3"
  
  "react-dom@*", "react-dom@^16.8.0 || ^17.0.0-rc.1 || ^18.0.0", "react-dom@^17.0.0 || ^18.0.0", "react-dom@^18.2.0", "react-dom@>=16.14.0", "react-dom@>=16.6.0", "react-dom@>=16.8.0", "react-dom@18.2.0":
    "integrity" "sha512-6IMTriUmvsjHUjNtEDudZfuDQUoWXVxKHhlEGSk81n4YFS+r/Kl99wXiwlVXtPBtJenozv2P+hxDsw9eA7Xo6g=="
    "resolved" "https://registry.npmjs.org/react-dom/-/react-dom-18.2.0.tgz"
    "version" "18.2.0"
    dependencies:
      "loose-envify" "^1.1.0"
      "scheduler" "^0.23.0"
  
  "react-is@^16.13.1", "react-is@^16.3.2", "react-is@^16.7.0":
    "integrity" "sha512-24e6ynE2H+OKt4kqsOvNd8kBpV65zoxbA4BVsEOB3ARVWQki/DHzaUoC5KuON/BiccDaCCTZBuOcfZs70kR8bQ=="
    "resolved" "https://registry.npmjs.org/react-is/-/react-is-16.13.1.tgz"
    "version" "16.13.1"
  
  "react-is@^18.2.0":
    "integrity" "sha512-xWGDIW6x921xtzPkhiULtthJHoJvBbF3q26fzloPCK0hsvxtPVelvftw3zjbHWSkR2km9Z+4uxbDDK/6Zw9B8w=="
    "resolved" "https://registry.npmjs.org/react-is/-/react-is-18.2.0.tgz"
    "version" "18.2.0"
  
  "react-lifecycles-compat@^3.0.4":
    "integrity" "sha512-fBASbA6LnOU9dOU2eW7aQ8xmYBSXUIWr+UmF9b1efZBazGNO+rcXT/icdKnYm2pTwcRylVUYwW7H1PHfLekVzA=="
    "resolved" "https://registry.npmjs.org/react-lifecycles-compat/-/react-lifecycles-compat-3.0.4.tgz"
    "version" "3.0.4"
  
  "react-transition-group@^4.4.2", "react-transition-group@^4.4.5":
    "integrity" "sha512-pZcd1MCJoiKiBR2NRxeCRg13uCXbydPnmB4EOeRrY7480qNWO8IIgQG6zlDkm6uRMsURXPuKq0GWtiM59a5Q6g=="
    "resolved" "https://registry.npmjs.org/react-transition-group/-/react-transition-group-4.4.5.tgz"
    "version" "4.4.5"
    dependencies:
      "@babel/runtime" "^7.5.5"
      "dom-helpers" "^5.0.1"
      "loose-envify" "^1.4.0"
      "prop-types" "^15.6.2"
  
  "react@*", "react@^16.8.0 || ^17.0.0-rc.1 || ^18.0.0", "react@^17.0.0 || ^18.0.0", "react@^18.2.0", "react@>= 16.3.0", "react@>= 16.8.0 || 17.x.x || ^18.0.0-0", "react@>=0.14.0", "react@>=15.0.0", "react@>=16.14.0", "react@>=16.6.0", "react@>=16.8.0", "react@18.2.0":
    "integrity" "sha512-/3IjMdb2L9QbBdWiW5e3P2/npwMBaU9mHCSCUzNln0ZCYbcfTsGbTJrU/kGemdH2IWmB2ioZ+zkxtmq6g09fGQ=="
    "resolved" "https://registry.npmjs.org/react/-/react-18.2.0.tgz"
    "version" "18.2.0"
    dependencies:
      "loose-envify" "^1.1.0"
  
  "readdirp@~3.6.0":
    "integrity" "sha512-hOS089on8RduqdbhvQ5Z37A0ESjsqz6qnRcffsMU3495FuTdqSm+7bhJ29JvIOsBDEEnan5DPu9t3To9VRlMzA=="
    "resolved" "https://registry.npmjs.org/readdirp/-/readdirp-3.6.0.tgz"
    "version" "3.6.0"
    dependencies:
      "picomatch" "^2.2.1"
  
  "regenerator-runtime@^0.13.11":
    "integrity" "sha512-kY1AZVr2Ra+t+piVaJ4gxaFaReZVH40AKNo7UCX6W+dEwBo/2oZJzqfuN1qLq1oL45o56cPaTXELwrTh8Fpggg=="
    "resolved" "https://registry.npmjs.org/regenerator-runtime/-/regenerator-runtime-0.13.11.tgz"
    "version" "0.13.11"
  
  "resolve-from@^4.0.0":
    "integrity" "sha512-pb/MYmXstAkysRFx8piNI1tGFNQIFA3vkE3Gq4EuA1dF6gHp/+vgZqsCGJapvy8N3Q+4o7FwvquPJcnZ7RYy4g=="
    "resolved" "https://registry.npmjs.org/resolve-from/-/resolve-from-4.0.0.tgz"
    "version" "4.0.0"
  
  "resolve@^1.19.0":
    "integrity" "sha512-nBpuuYuY5jFsli/JIs1oldw6fOQCBioohqWZg/2hiaOybXOft4lonv85uDOKXdf8rhyK159cxU5cDcK/NKk8zw=="
    "resolved" "https://registry.npmjs.org/resolve/-/resolve-1.22.1.tgz"
    "version" "1.22.1"
    dependencies:
      "is-core-module" "^2.9.0"
      "path-parse" "^1.0.7"
      "supports-preserve-symlinks-flag" "^1.0.0"
  
  "sass@^1.3.0", "sass@^1.56.2":
    "integrity" "sha512-ciEJhnyCRwzlBCB+h5cCPM6ie/6f8HrhZMQOf5vlU60Y1bI1rx5Zb0vlDZvaycHsg/MqFfF1Eq2eokAa32iw8w=="
    "resolved" "https://registry.npmjs.org/sass/-/sass-1.56.2.tgz"
    "version" "1.56.2"
    dependencies:
      "chokidar" ">=3.0.0 <4.0.0"
      "immutable" "^4.0.0"
      "source-map-js" ">=0.6.2 <2.0.0"
  
  "scheduler@^0.23.0":
    "integrity" "sha512-CtuThmgHNg7zIZWAXi3AsyIzA3n4xx7aNyjwC2VJldO2LMVDhFK+63xGqq6CsJH4rTAt6/M+N4GhZiDYPx9eUw=="
    "resolved" "https://registry.npmjs.org/scheduler/-/scheduler-0.23.0.tgz"
    "version" "0.23.0"
    dependencies:
      "loose-envify" "^1.1.0"
  
  "source-map-js@^1.0.2", "source-map-js@>=0.6.2 <2.0.0":
    "integrity" "sha512-R0XvVJ9WusLiqTCEiGCmICCMplcCkIwwR11mOSD9CR5u+IXYdiseeEuXCVAjS54zqwkLcPNnmU4OeJ6tUrWhDw=="
    "resolved" "https://registry.npmjs.org/source-map-js/-/source-map-js-1.0.2.tgz"
    "version" "1.0.2"
  
  "source-map@^0.5.7":
    "integrity" "sha512-LbrmJOMUSdEVxIKvdcJzQC+nQhe8FUZQTXQy6+I75skNgn3OoQ0DZA8YnFa7gp8tqtL3KPf1kmo0R5DoApeSGQ=="
    "resolved" "https://registry.npmjs.org/source-map/-/source-map-0.5.7.tgz"
    "version" "0.5.7"
  
  "styled-jsx@5.1.0":
    "integrity" "sha512-/iHaRJt9U7T+5tp6TRelLnqBqiaIT0HsO0+vgyj8hK2KUk7aejFqRrumqPUlAqDwAj8IbS/1hk3IhBAAK/FCUQ=="
    "resolved" "https://registry.npmjs.org/styled-jsx/-/styled-jsx-5.1.0.tgz"
    "version" "5.1.0"
    dependencies:
      "client-only" "0.0.1"
  
  "stylis@4.1.3":
    "integrity" "sha512-GP6WDNWf+o403jrEp9c5jibKavrtLW+/qYGhFxFrG8maXhwTBI7gLLhiBb0o7uFccWN+EOS9aMO6cGHWAO07OA=="
    "resolved" "https://registry.npmjs.org/stylis/-/stylis-4.1.3.tgz"
    "version" "4.1.3"
  
  "supports-color@^5.3.0":
    "integrity" "sha512-QjVjwdXIt408MIiAqCX4oUKsgU2EqAGzs2Ppkm4aQYbjm+ZEWEcW4SfFNTr4uMNZma0ey4f5lgLrkB0aX0QMow=="
    "resolved" "https://registry.npmjs.org/supports-color/-/supports-color-5.5.0.tgz"
    "version" "5.5.0"
    dependencies:
      "has-flag" "^3.0.0"
  
  "supports-preserve-symlinks-flag@^1.0.0":
    "integrity" "sha512-ot0WnXS9fgdkgIcePe6RHNk1WA8+muPa6cSjeR3V8K27q9BB1rTE3R1p7Hv0z1ZyAc8s6Vvv8DIyWf681MAt0w=="
    "resolved" "https://registry.npmjs.org/supports-preserve-symlinks-flag/-/supports-preserve-symlinks-flag-1.0.0.tgz"
    "version" "1.0.0"
  
  "to-fast-properties@^2.0.0":
    "integrity" "sha512-/OaKK0xYrs3DmxRYqL/yDc+FxFUVYhDlXMhRmv3z915w2HF1tnN1omB354j8VUGO/hbRzyD6Y3sA7v7GS/ceog=="
    "resolved" "https://registry.npmjs.org/to-fast-properties/-/to-fast-properties-2.0.0.tgz"
    "version" "2.0.0"
  
  "to-regex-range@^5.0.1":
    "integrity" "sha512-65P7iz6X5yEr1cwcgvQxbbIw7Uk3gOy5dIdtZ4rDveLqhrdJP+Li/Hx6tyK0NEb+2GCyneCMJiGqrADCSNk8sQ=="
    "resolved" "https://registry.npmjs.org/to-regex-range/-/to-regex-range-5.0.1.tgz"
    "version" "5.0.1"
    dependencies:
      "is-number" "^7.0.0"
  
  "tslib@^2.4.0":
    "integrity" "sha512-tGyy4dAjRIEwI7BzsB0lynWgOpfqjUdq91XXAlIWD2OwKBH7oCl/GZG/HT4BOHrTlPMOASlMQ7veyTqpmRcrNA=="
    "resolved" "https://registry.npmjs.org/tslib/-/tslib-2.4.1.tgz"
    "version" "2.4.1"
  
  "uncontrollable@^7.2.1":
    "integrity" "sha512-svtcfoTADIB0nT9nltgjujTi7BzVmwjZClOmskKu/E8FW9BXzg9os8OLr4f8Dlnk0rYWJIWr4wv9eKUXiQvQwQ=="
    "resolved" "https://registry.npmjs.org/uncontrollable/-/uncontrollable-7.2.1.tgz"
    "version" "7.2.1"
    dependencies:
      "@babel/runtime" "^7.6.3"
      "@types/react" ">=16.9.11"
      "invariant" "^2.2.4"
      "react-lifecycles-compat" "^3.0.4"
  
  "warning@^4.0.0", "warning@^4.0.3":
    "integrity" "sha512-rpJyN222KWIvHJ/F53XSZv0Zl/accqHR8et1kpaMTD/fLCRxtV8iX8czMzY7sVZupTI3zcUTg8eycS2kNF9l6w=="
    "resolved" "https://registry.npmjs.org/warning/-/warning-4.0.3.tgz"
    "version" "4.0.3"
    dependencies:
      "loose-envify" "^1.0.0"
  
  "yaml@^1.10.0":
    "integrity" "sha512-r3vXyErRCYJ7wg28yvBY5VSoAF8ZvlcW9/BwUzEtUsjvX/DKs24dIkuwjtuprwJJHsbyUbLApepYTR1BN4uHrg=="
    "resolved" "https://registry.npmjs.org/yaml/-/yaml-1.10.2.tgz"
    "version" "1.10.2"
